{"timestamp":"2021-09-30T14:59:17,233","container":"340fee0e4b24","level":"INFO","thread":"main","class":"Besu","message":"Using LibEthPairings native alt bn128","throwable":""}
{"timestamp":"2021-09-30T14:59:17,319","container":"340fee0e4b24","level":"INFO","thread":"main","class":"Besu","message":"Using native secp256k1","throwable":""}
{"timestamp":"2021-09-30T14:59:17,424","container":"340fee0e4b24","level":"INFO","thread":"main","class":"Besu","message":"Starting Besu version: besu/v21.7.1/linux-x86_64/adoptopenjdk-java-11","throwable":""}
{"timestamp":"2021-09-30T14:59:19,851","container":"340fee0e4b24","level":"WARN","thread":"main","class":"Besu","message":"--min-gas-price ignored because none of --miner-enabled or isQuorum (in genesis file) was defined.","throwable":""}
{"timestamp":"2021-09-30T14:59:20,295","container":"340fee0e4b24","level":"INFO","thread":"main","class":"Besu","message":"Static Nodes file = /config/static-nodes.json","throwable":""}
{"timestamp":"2021-09-30T14:59:21,358","container":"340fee0e4b24","level":"INFO","thread":"main","class":"Besu","message":"Connecting to 9 static nodes.","throwable":""}
{"timestamp":"2021-09-30T14:59:21,928","container":"340fee0e4b24","level":"INFO","thread":"main","class":"Besu","message":"Security Module: localfile","throwable":""}
{"timestamp":"2021-09-30T14:59:22,192","container":"340fee0e4b24","level":"INFO","thread":"main","class":"RocksDBKeyValueStorageFactory","message":"No existing database detected at /opt/besu/data. Using version 1","throwable":""}
{"timestamp":"2021-09-30T14:59:26,450","container":"340fee0e4b24","level":"INFO","thread":"main","class":"KeyPairUtil","message":"Loaded public key 0x2fd5b5b6ad529f55b71602026d1849d0036f06482368b5812fa793014195d3571b0840dbc4175617de2a12db8f1222c012420d471ae5c0d982118625cae58868 from /opt/besu/keys/nodekey","throwable":""}
{"timestamp":"2021-09-30T14:59:26,739","container":"340fee0e4b24","level":"WARN","thread":"main","class":"Besu","message":"Privacy is disabled. Cannot use EEA/PRIV API methods when not using Privacy.","throwable":""}
{"timestamp":"2021-09-30T14:59:29,272","container":"340fee0e4b24","level":"INFO","thread":"main","class":"ProtocolScheduleBuilder","message":"Protocol schedule created with milestones: [Petersburg: 0]","throwable":""}
{"timestamp":"2021-09-30T14:59:33,121","container":"340fee0e4b24","level":"INFO","thread":"main","class":"RunnerBuilder","message":"Detecting NAT service.","throwable":""}
{"timestamp":"2021-09-30T14:59:43,533","container":"340fee0e4b24","level":"INFO","thread":"main","class":"Runner","message":"Starting Ethereum main loop ... ","throwable":""}
{"timestamp":"2021-09-30T14:59:43,561","container":"340fee0e4b24","level":"INFO","thread":"main","class":"MetricsHttpService","message":"Starting metrics http service on 0.0.0.0:9545","throwable":""}
{"timestamp":"2021-09-30T14:59:45,470","container":"340fee0e4b24","level":"WARN","thread":"main","class":"MacAddressUtil","message":"Failed to find a usable hardware address from the network interfaces; using random bytes: eb:91:6b:76:16:71:63:67","throwable":""}
{"timestamp":"2021-09-30T14:59:46,855","container":"340fee0e4b24","level":"INFO","thread":"main","class":"DockerNatManager","message":"Starting docker NAT manager.","throwable":""}
{"timestamp":"2021-09-30T14:59:46,859","container":"340fee0e4b24","level":"INFO","thread":"vert.x-eventloop-thread-3","class":"MetricsHttpService","message":"Metrics service started and listening on 9545:9545","throwable":""}
{"timestamp":"2021-09-30T14:59:46,959","container":"340fee0e4b24","level":"INFO","thread":"main","class":"NetworkRunner","message":"Starting Network.","throwable":""}
{"timestamp":"2021-09-30T14:59:47,084","container":"340fee0e4b24","level":"INFO","thread":"nioEventLoopGroup-2-1","class":"RlpxAgent","message":"P2P RLPx agent started and listening on /0.0.0.0:30303.","throwable":""}
{"timestamp":"2021-09-30T14:59:47,099","container":"340fee0e4b24","level":"INFO","thread":"main","class":"PeerDiscoveryAgent","message":"Starting peer discovery agent on host=0.0.0.0, port=30303","throwable":""}
{"timestamp":"2021-09-30T14:59:47,313","container":"340fee0e4b24","level":"INFO","thread":"vert.x-eventloop-thread-4","class":"VertxPeerDiscoveryAgent","message":"Started peer discovery agent successfully, on effective host=0.0.0.0 and port=30303","throwable":""}
{"timestamp":"2021-09-30T14:59:47,345","container":"340fee0e4b24","level":"INFO","thread":"vert.x-eventloop-thread-4","class":"PeerDiscoveryAgent","message":"P2P peer discovery agent started and listening on /0.0.0.0:30303","throwable":""}
{"timestamp":"2021-09-30T14:59:49,602","container":"340fee0e4b24","level":"WARN","thread":"vertx-blocked-thread-checker","class":"BlockedThreadChecker","message":"Thread Thread[vert.x-eventloop-thread-4,5,main]=Thread[vert.x-eventloop-thread-4,5,main] has been blocked for 2153 ms, time limit is 2000 ms","throwable":""}
{"timestamp":"2021-09-30T14:59:50,364","container":"340fee0e4b24","level":"INFO","thread":"vert.x-eventloop-thread-4","class":"PeerDiscoveryAgent","message":"Writing node record to disk. NodeRecord{seq=1, publicKey=0x022fd5b5b6ad529f55b71602026d1849d0036f06482368b5812fa793014195d357, udpAddress=Optional[/172.16.239.14:30303], tcpAddress=Optional[/172.16.239.14:30303], asBase64=-Je4QMPplwohyfEzK-OU9fb9yB3zam3tLbjyM0TMw8qozJnlELbCF8iGaJOeBVAB4zYn9kWkk-xO5daRCXbKFZ_fHpEBg2V0aMfGhAKhU0aAgmlkgnY0gmlwhKwQ7w6Jc2VjcDI1NmsxoQIv1bW2rVKfVbcWAgJtGEnQA28GSCNotYEvp5MBQZXTV4N0Y3CCdl-DdWRwgnZf, nodeId=0xc8f776c1d83d4fddd02782c698c1334496614aed49d2e81526d089f7264fed9c}","throwable":""}
{"timestamp":"2021-09-30T14:59:50,466","container":"340fee0e4b24","level":"WARN","thread":"vertx-blocked-thread-checker","class":"BlockedThreadChecker","message":"Thread Thread[vert.x-eventloop-thread-4,5,main]=Thread[vert.x-eventloop-thread-4,5,main] has been blocked for 3154 ms, time limit is 2000 ms","throwable":""}
{"timestamp":"2021-09-30T14:59:51,467","container":"340fee0e4b24","level":"WARN","thread":"vertx-blocked-thread-checker","class":"BlockedThreadChecker","message":"Thread Thread[vert.x-eventloop-thread-4,5,main]=Thread[vert.x-eventloop-thread-4,5,main] has been blocked for 4154 ms, time limit is 2000 ms","throwable":""}
{"timestamp":"2021-09-30T14:59:52,033","container":"340fee0e4b24","level":"INFO","thread":"main","class":"DefaultP2PNetwork","message":"Enode URL enode://2fd5b5b6ad529f55b71602026d1849d0036f06482368b5812fa793014195d3571b0840dbc4175617de2a12db8f1222c012420d471ae5c0d982118625cae58868@172.16.239.14:30303","throwable":""}
{"timestamp":"2021-09-30T14:59:52,056","container":"340fee0e4b24","level":"INFO","thread":"main","class":"DefaultP2PNetwork","message":"Node address 0x98c1334496614aed49d2e81526d089f7264fed9c","throwable":""}
{"timestamp":"2021-09-30T14:59:52,118","container":"340fee0e4b24","level":"INFO","thread":"main","class":"DefaultSynchronizer","message":"Starting synchronizer.","throwable":""}
{"timestamp":"2021-09-30T14:59:52,198","container":"340fee0e4b24","level":"INFO","thread":"main","class":"FullSyncDownloader","message":"Starting full sync.","throwable":""}
{"timestamp":"2021-09-30T14:59:52,260","container":"340fee0e4b24","level":"INFO","thread":"main","class":"FullSyncTargetManager","message":"No sync target, waiting for peers: 0","throwable":""}
{"timestamp":"2021-09-30T14:59:54,936","container":"340fee0e4b24","level":"INFO","thread":"main","class":"JsonRpcHttpService","message":"Starting JSON-RPC service on 0.0.0.0:8545","throwable":""}
{"timestamp":"2021-09-30T14:59:57,701","container":"340fee0e4b24","level":"INFO","thread":"vert.x-eventloop-thread-0","class":"JsonRpcHttpService","message":"JSON-RPC service started and listening on 0.0.0.0:8545","throwable":""}
{"timestamp":"2021-09-30T14:59:57,731","container":"340fee0e4b24","level":"INFO","thread":"main","class":"GraphQLHttpService","message":"Starting GraphQL HTTP service on 0.0.0.0:8547","throwable":""}
{"timestamp":"2021-09-30T14:59:58,529","container":"340fee0e4b24","level":"INFO","thread":"EthScheduler-Timer-0","class":"FullSyncTargetManager","message":"No sync target, waiting for peers: 0","throwable":""}
{"timestamp":"2021-09-30T15:00:00,065","container":"340fee0e4b24","level":"INFO","thread":"vert.x-eventloop-thread-1","class":"GraphQLHttpService","message":"GraphQL HTTP service started and listening on 0.0.0.0:8547","throwable":""}
{"timestamp":"2021-09-30T15:00:00,090","container":"340fee0e4b24","level":"INFO","thread":"main","class":"WebSocketService","message":"Starting Websocket service on 0.0.0.0:8546","throwable":""}
{"timestamp":"2021-09-30T15:00:00,958","container":"340fee0e4b24","level":"INFO","thread":"vert.x-eventloop-thread-2","class":"WebSocketService","message":"Websocket service started and listening on 0.0.0.0:8546","throwable":""}
{"timestamp":"2021-09-30T15:00:01,085","container":"340fee0e4b24","level":"INFO","thread":"main","class":"Runner","message":"Ethereum main loop is up.","throwable":""}
{"timestamp":"2021-09-30T15:00:01,105","container":"340fee0e4b24","level":"INFO","thread":"nioEventLoopGroup-3-10","class":"FullSyncTargetManager","message":"No sync target, waiting for peers: 4","throwable":""}
{"timestamp":"2021-09-30T15:00:01,793","container":"340fee0e4b24","level":"INFO","thread":"main","class":"AutoTransactionLogBloomCachingService","message":"Starting auto transaction log bloom caching service.","throwable":""}
{"timestamp":"2021-09-30T15:00:01,817","container":"340fee0e4b24","level":"INFO","thread":"main","class":"LogBloomCacheMetadata","message":"Lookup cache metadata file in data directory: /opt/besu/data/caches","throwable":""}
{"timestamp":"2021-09-30T15:00:01,900","container":"340fee0e4b24","level":"INFO","thread":"nioEventLoopGroup-3-2","class":"FullSyncTargetManager","message":"No sync target, waiting for peers: 5","throwable":""}
{"timestamp":"2021-09-30T15:00:02,044","container":"340fee0e4b24","level":"INFO","thread":"nioEventLoopGroup-3-6","class":"FullSyncTargetManager","message":"No sync target, waiting for peers: 4","throwable":""}
{"timestamp":"2021-09-30T15:00:06,876","container":"340fee0e4b24","level":"INFO","thread":"pool-9-thread-1","class":"IbftRound","message":"Importing block to chain. round=ConsensusRoundIdentifier{Sequence=1, Round=1}, hash=0xd8ee1b5bec0f207a3740717814e7f867e83f3aba3272cb2f9c7390d995b9ffaa","throwable":""}
{"timestamp":"2021-09-30T15:00:07,068","container":"340fee0e4b24","level":"INFO","thread":"EthScheduler-Timer-0","class":"FullSyncTargetManager","message":"No sync target, waiting for peers: 4","throwable":""}
{"timestamp":"2021-09-30T15:00:07,432","container":"340fee0e4b24","level":"INFO","thread":"pool-9-thread-1","class":"IbftBesuControllerBuilder","message":"Imported #1 / 0 tx / 0 pending / 0 (0.0%) gas / (0xd8ee1b5bec0f207a3740717814e7f867e83f3aba3272cb2f9c7390d995b9ffaa)","throwable":""}
{"timestamp":"2021-09-30T15:00:09,188","container":"340fee0e4b24","level":"INFO","thread":"pool-9-thread-1","class":"IbftBesuControllerBuilder","message":"Produced #2 / 0 tx / 0 pending / 0 (0.0%) gas / (0xc66db2d1b19dbced6389554aa381a8ead2d600fabb0a9753066fb8183d8394af)","throwable":""}
{"timestamp":"2021-09-30T15:00:11,410","container":"340fee0e4b24","level":"INFO","thread":"pool-9-thread-1","class":"IbftBesuControllerBuilder","message":"Imported #3 / 0 tx / 0 pending / 0 (0.0%) gas / (0xa0cf69949926c27cfa6c603721627e3b942b893227d077bc244af79b3526b262)","throwable":""}
{"timestamp":"2021-09-30T15:00:12,711","container":"340fee0e4b24","level":"INFO","thread":"pool-9-thread-1","class":"IbftBesuControllerBuilder","message":"Imported #4 / 0 tx / 0 pending / 0 (0.0%) gas / (0x8c49c1877d97325f692f5a9093d01ad394934c9eb6e680aa9db4603f4282ddf1)","throwable":""}
{"timestamp":"2021-09-30T15:00:14,742","container":"340fee0e4b24","level":"INFO","thread":"pool-9-thread-1","class":"IbftBesuControllerBuilder","message":"Imported #5 / 0 tx / 0 pending / 0 (0.0%) gas / (0x1c6f6e07515d51f10202336c43b71efc9ad8fb3a1050bb03b7676acded3b82fa)","throwable":""}
{"timestamp":"2021-09-30T15:00:16,509","container":"340fee0e4b24","level":"INFO","thread":"pool-9-thread-1","class":"IbftBesuControllerBuilder","message":"Produced #6 / 0 tx / 0 pending / 0 (0.0%) gas / (0x9f75445b538f5bc58c021d25f1dca566e35434f06749b4bd3a6e2c5359389029)","throwable":""}
{"timestamp":"2021-09-30T15:00:18,652","container":"340fee0e4b24","level":"INFO","thread":"pool-9-thread-1","class":"IbftBesuControllerBuilder","message":"Imported #7 / 0 tx / 0 pending / 0 (0.0%) gas / (0x4517662013d65e3347f59812ad92ec893cb535060da7bf50ee2388fa96ef57c1)","throwable":""}
{"timestamp":"2021-09-30T15:00:21,559","container":"340fee0e4b24","level":"INFO","thread":"pool-9-thread-1","class":"IbftBesuControllerBuilder","message":"Imported #8 / 0 tx / 0 pending / 0 (0.0%) gas / (0xe145936eae64d8b232b6d52a9fa83d07b6af1b54cece7037cf2f138e951aa177)","throwable":""}
{"timestamp":"2021-09-30T15:00:21,937","container":"340fee0e4b24","level":"INFO","thread":"EthScheduler-Workers-0","class":"PersistBlockTask","message":"Imported #8 / 0 tx / 0 om / 0 (0.0%) gas / (0xe145936eae64d8b232b6d52a9fa83d07b6af1b54cece7037cf2f138e951aa177) in 0.002s. Peers: 4","throwable":""}
{"timestamp":"2021-09-30T15:00:22,659","container":"340fee0e4b24","level":"INFO","thread":"EthScheduler-Workers-2","class":"PersistBlockTask","message":"Imported #9 / 0 tx / 0 om / 0 (0.0%) gas / (0x12dc24b2cc83cfa1e8580bf2ef2cbee8ca6fb6ed17154b0909b6234c5e63bf04) in 0.089s. Peers: 4","throwable":""}
{"timestamp":"2021-09-30T15:00:24,578","container":"340fee0e4b24","level":"INFO","thread":"pool-9-thread-1","class":"IbftBesuControllerBuilder","message":"Produced #10 / 0 tx / 0 pending / 0 (0.0%) gas / (0x42ea0d61e32065405af8f077cecef4ece145b54a8f276dbc8af5717338f7a76a)","throwable":""}
{"timestamp":"2021-09-30T15:00:26,386","container":"340fee0e4b24","level":"INFO","thread":"pool-9-thread-1","class":"IbftBesuControllerBuilder","message":"Imported #11 / 0 tx / 0 pending / 0 (0.0%) gas / (0x57f85863c2aa8224154fabfd5b4795fa6e384706b5e32ffd41482f82a0b0aba8)","throwable":""}
{"timestamp":"2021-09-30T15:00:28,475","container":"340fee0e4b24","level":"INFO","thread":"pool-9-thread-1","class":"IbftBesuControllerBuilder","message":"Imported #12 / 0 tx / 0 pending / 0 (0.0%) gas / (0x05876b7bf14b31f0a636eb00ce9a6d1e438e4f1bb805d04c041751ff1ee06a66)","throwable":""}
{"timestamp":"2021-09-30T15:00:30,586","container":"340fee0e4b24","level":"INFO","thread":"pool-9-thread-1","class":"IbftBesuControllerBuilder","message":"Imported #13 / 0 tx / 0 pending / 0 (0.0%) gas / (0xb25cd144fae792c52f334fc0a8be402312f284b9bf207b72aa11307d81ad666d)","throwable":""}
{"timestamp":"2021-09-30T15:00:30,587","container":"340fee0e4b24","level":"INFO","thread":"EthScheduler-Workers-1","class":"PersistBlockTask","message":"Imported #13 / 0 tx / 0 om / 0 (0.0%) gas / (0xb25cd144fae792c52f334fc0a8be402312f284b9bf207b72aa11307d81ad666d) in 0.041s. Peers: 4","throwable":""}
{"timestamp":"2021-09-30T15:00:32,418","container":"340fee0e4b24","level":"INFO","thread":"EthScheduler-Workers-3","class":"PersistBlockTask","message":"Imported #14 / 0 tx / 0 om / 0 (0.0%) gas / (0x8ec9323102b3ca66ae7b99709866a3cb5b25e5387fb324ef209250857401e89c) in 0.019s. Peers: 4","throwable":""}
{"timestamp":"2021-09-30T15:00:32,448","container":"340fee0e4b24","level":"INFO","thread":"pool-9-thread-1","class":"IbftBesuControllerBuilder","message":"Produced #14 / 0 tx / 0 pending / 0 (0.0%) gas / (0x8ec9323102b3ca66ae7b99709866a3cb5b25e5387fb324ef209250857401e89c)","throwable":""}
{"timestamp":"2021-09-30T15:00:34,621","container":"340fee0e4b24","level":"INFO","thread":"EthScheduler-Workers-0","class":"PersistBlockTask","message":"Imported #15 / 0 tx / 0 om / 0 (0.0%) gas / (0x1ff5039fc7f79df8553eb1b486218afe86d4560b1514260fc7aac4d0d74dbd6a) in 0.001s. Peers: 4","throwable":""}
{"timestamp":"2021-09-30T15:00:34,640","container":"340fee0e4b24","level":"INFO","thread":"pool-9-thread-1","class":"IbftBesuControllerBuilder","message":"Imported #15 / 0 tx / 0 pending / 0 (0.0%) gas / (0x1ff5039fc7f79df8553eb1b486218afe86d4560b1514260fc7aac4d0d74dbd6a)","throwable":""}
{"timestamp":"2021-09-30T15:00:36,399","container":"340fee0e4b24","level":"INFO","thread":"pool-9-thread-1","class":"IbftBesuControllerBuilder","message":"Imported #16 / 0 tx / 0 pending / 0 (0.0%) gas / (0x60e3904fdd6acde8d368ac1219e1f310a9af6e1063fdc8e1b60f468aa407fc6e)","throwable":""}
{"timestamp":"2021-09-30T15:00:38,561","container":"340fee0e4b24","level":"INFO","thread":"pool-9-thread-1","class":"IbftBesuControllerBuilder","message":"Imported #17 / 0 tx / 0 pending / 0 (0.0%) gas / (0x739c99eb05bffa864ef6405303971f59bcc94496d74fe27222c5eca084ff8528)","throwable":""}
{"timestamp":"2021-09-30T15:00:38,564","container":"340fee0e4b24","level":"INFO","thread":"EthScheduler-Workers-2","class":"PersistBlockTask","message":"Imported #17 / 0 tx / 0 om / 0 (0.0%) gas / (0x739c99eb05bffa864ef6405303971f59bcc94496d74fe27222c5eca084ff8528) in 0.076s. Peers: 4","throwable":""}
{"timestamp":"2021-09-30T15:00:40,536","container":"340fee0e4b24","level":"INFO","thread":"EthScheduler-Workers-1","class":"PersistBlockTask","message":"Imported #18 / 0 tx / 0 om / 0 (0.0%) gas / (0xf0b6cd2d2486d1344ea1cb24281025beeb732b7b8fca6dd9cafa52762893e9ac) in 0.072s. Peers: 4","throwable":""}
{"timestamp":"2021-09-30T15:00:40,536","container":"340fee0e4b24","level":"INFO","thread":"pool-9-thread-1","class":"IbftBesuControllerBuilder","message":"Produced #18 / 0 tx / 0 pending / 0 (0.0%) gas / (0xf0b6cd2d2486d1344ea1cb24281025beeb732b7b8fca6dd9cafa52762893e9ac)","throwable":""}
{"timestamp":"2021-09-30T15:00:42,543","container":"340fee0e4b24","level":"INFO","thread":"pool-9-thread-1","class":"IbftBesuControllerBuilder","message":"Imported #19 / 0 tx / 0 pending / 0 (0.0%) gas / (0x24b77594ff963bec71f1c72c4cdbd3b053fefb6e7b55b7cd6c2ac511a14dc7b4)","throwable":""}
{"timestamp":"2021-09-30T15:00:44,507","container":"340fee0e4b24","level":"INFO","thread":"pool-9-thread-1","class":"IbftBesuControllerBuilder","message":"Imported #20 / 0 tx / 0 pending / 0 (0.0%) gas / (0xf767e127a7397200ade7c4aff91d3e6ba40e193f6a1b0cf5b8818ab066b19a29)","throwable":""}
{"timestamp":"2021-09-30T15:00:46,573","container":"340fee0e4b24","level":"INFO","thread":"pool-9-thread-1","class":"IbftBesuControllerBuilder","message":"Imported #21 / 0 tx / 0 pending / 0 (0.0%) gas / (0x51583e21901208ce753471ace3d5aeed0436ed4733b254342ceeb7a76812ed4f)","throwable":""}
{"timestamp":"2021-09-30T15:00:48,336","container":"340fee0e4b24","level":"INFO","thread":"pool-9-thread-1","class":"IbftBesuControllerBuilder","message":"Produced #22 / 0 tx / 0 pending / 0 (0.0%) gas / (0xb1a5d2a1a5d06a88ee00bf42a44f7007dd3227dc8093eb7ce006789327c348f6)","throwable":""}
{"timestamp":"2021-09-30T15:00:50,721","container":"340fee0e4b24","level":"INFO","thread":"EthScheduler-Workers-3","class":"PersistBlockTask","message":"Imported #23 / 0 tx / 0 om / 0 (0.0%) gas / (0xecb3764c6914e56e206aca168c5fe6ac5f00a54954680332321d9413f9bce469) in 0.055s. Peers: 4","throwable":""}
{"timestamp":"2021-09-30T15:00:53,058","container":"340fee0e4b24","level":"INFO","thread":"EthScheduler-Workers-0","class":"PersistBlockTask","message":"Imported #24 / 0 tx / 0 om / 0 (0.0%) gas / (0x97a7a6dbdc6ef4e9ee29296b38e1eca2ce68c7d61d71b4c0bb89c80e0cf58710) in 0.086s. Peers: 4","throwable":""}
{"timestamp":"2021-09-30T15:00:54,466","container":"340fee0e4b24","level":"INFO","thread":"pool-9-thread-1","class":"IbftBesuControllerBuilder","message":"Imported #25 / 0 tx / 0 pending / 0 (0.0%) gas / (0x433b324614339639c392cca96e7f4faaf979c985190b7ac152d42ad8507aba64)","throwable":""}
{"timestamp":"2021-09-30T15:00:56,770","container":"340fee0e4b24","level":"INFO","thread":"pool-9-thread-1","class":"IbftBesuControllerBuilder","message":"Produced #26 / 0 tx / 0 pending / 0 (0.0%) gas / (0x4639874c0fbdea458c0346712bf618c07f27a17cd764df38176ddfda5523b755)","throwable":""}
{"timestamp":"2021-09-30T15:00:58,647","container":"340fee0e4b24","level":"INFO","thread":"pool-9-thread-1","class":"IbftBesuControllerBuilder","message":"Imported #27 / 0 tx / 0 pending / 0 (0.0%) gas / (0xae65dcc2346c246e88f5c046613088e1aa0b16c2b5d56790e8943d98f41946d8)","throwable":""}
{"timestamp":"2021-09-30T15:01:00,448","container":"340fee0e4b24","level":"INFO","thread":"pool-9-thread-1","class":"IbftBesuControllerBuilder","message":"Imported #28 / 0 tx / 0 pending / 0 (0.0%) gas / (0xfa2f4b4d4729d126d1236cb6587a615ce2af8ac82ee6ea2e61612517017bc136)","throwable":""}
{"timestamp":"2021-09-30T15:01:02,477","container":"340fee0e4b24","level":"INFO","thread":"pool-9-thread-1","class":"IbftBesuControllerBuilder","message":"Imported #29 / 0 tx / 0 pending / 0 (0.0%) gas / (0xa19c1dfdb5040e3ce190776e9fc66485a025e1949f4a677f9047f99d4c337eee)","throwable":""}
{"timestamp":"2021-09-30T15:01:04,544","container":"340fee0e4b24","level":"INFO","thread":"EthScheduler-Workers-2","class":"PersistBlockTask","message":"Imported #30 / 0 tx / 0 om / 0 (0.0%) gas / (0xfd38df80dd157f4c0638cf12a35d7bd5fc98f96d26b7085085f4fe5b48c41ec5) in 0.044s. Peers: 4","throwable":""}
{"timestamp":"2021-09-30T15:01:06,387","container":"340fee0e4b24","level":"INFO","thread":"EthScheduler-Workers-1","class":"PersistBlockTask","message":"Imported #31 / 0 tx / 0 om / 0 (0.0%) gas / (0x98b4d0f27d9e2dd1181d8c52a40ee28bda812b1032c4a3eeb97faa7d033f591c) in 0.029s. Peers: 4","throwable":""}
{"timestamp":"2021-09-30T15:01:06,395","container":"340fee0e4b24","level":"INFO","thread":"pool-9-thread-1","class":"IbftBesuControllerBuilder","message":"Imported #31 / 0 tx / 0 pending / 0 (0.0%) gas / (0x98b4d0f27d9e2dd1181d8c52a40ee28bda812b1032c4a3eeb97faa7d033f591c)","throwable":""}
{"timestamp":"2021-09-30T15:01:08,490","container":"340fee0e4b24","level":"INFO","thread":"pool-9-thread-1","class":"IbftBesuControllerBuilder","message":"Imported #32 / 0 tx / 0 pending / 0 (0.0%) gas / (0x171fb80bde92debd59ef6c8dc61bd335f1549f49fe16375b44e0eaa41976ae49)","throwable":""}
{"timestamp":"2021-09-30T15:01:10,504","container":"340fee0e4b24","level":"INFO","thread":"EthScheduler-Workers-3","class":"PersistBlockTask","message":"Imported #33 / 0 tx / 0 om / 0 (0.0%) gas / (0xe874dd04d8b7c44377540642aaa278a198af8481ad08f9d2e2677790dccb152d) in 0.055s. Peers: 4","throwable":""}
{"timestamp":"2021-09-30T15:01:10,518","container":"340fee0e4b24","level":"INFO","thread":"pool-9-thread-1","class":"IbftBesuControllerBuilder","message":"Imported #33 / 0 tx / 0 pending / 0 (0.0%) gas / (0xe874dd04d8b7c44377540642aaa278a198af8481ad08f9d2e2677790dccb152d)","throwable":""}
{"timestamp":"2021-09-30T15:01:12,435","container":"340fee0e4b24","level":"INFO","thread":"pool-9-thread-1","class":"IbftBesuControllerBuilder","message":"Produced #34 / 0 tx / 0 pending / 0 (0.0%) gas / (0x59b2b7664874ccd31b22243f0e615ce12d61fbc863b462d1ee47be4bcc0491eb)","throwable":""}
{"timestamp":"2021-09-30T15:01:12,462","container":"340fee0e4b24","level":"INFO","thread":"EthScheduler-Workers-0","class":"PersistBlockTask","message":"Imported #34 / 0 tx / 0 om / 0 (0.0%) gas / (0x59b2b7664874ccd31b22243f0e615ce12d61fbc863b462d1ee47be4bcc0491eb) in 0.000s. Peers: 4","throwable":""}
{"timestamp":"2021-09-30T15:01:14,626","container":"340fee0e4b24","level":"INFO","thread":"EthScheduler-Workers-2","class":"PersistBlockTask","message":"Imported #35 / 0 tx / 0 om / 0 (0.0%) gas / (0xce1cd68e6f0b34a781865d47d35a5fcb8041db5673cb180bf61183ba7c3522db) in 0.059s. Peers: 4","throwable":""}
{"timestamp":"2021-09-30T15:01:16,457","container":"340fee0e4b24","level":"INFO","thread":"EthScheduler-Workers-1","class":"PersistBlockTask","message":"Imported #36 / 0 tx / 0 om / 0 (0.0%) gas / (0x4800dd01b26d1ea2ccc114e9c6077439f92c5ee3ef103be9496c6ac7418aadc9) in 0.049s. Peers: 4","throwable":""}
{"timestamp":"2021-09-30T15:01:18,405","container":"340fee0e4b24","level":"INFO","thread":"pool-9-thread-1","class":"IbftBesuControllerBuilder","message":"Imported #37 / 0 tx / 0 pending / 0 (0.0%) gas / (0x31d817fee9879b812334570cecd4122bdbcfb0072f42dae4970ad241a7d02693)","throwable":""}
{"timestamp":"2021-09-30T15:01:20,573","container":"340fee0e4b24","level":"INFO","thread":"EthScheduler-Workers-3","class":"PersistBlockTask","message":"Imported #38 / 0 tx / 0 om / 0 (0.0%) gas / (0x389d55e1eb563e71d4fb62de4a6701a38f482b6a64043152a4f092cc151d3333) in 0.040s. Peers: 4","throwable":""}
{"timestamp":"2021-09-30T15:01:22,447","container":"340fee0e4b24","level":"INFO","thread":"EthScheduler-Workers-0","class":"PersistBlockTask","message":"Imported #39 / 0 tx / 0 om / 0 (0.0%) gas / (0x62592dc4a64eac941932827d12d31cfece90197a111970bf19a1e831f39d21bd) in 0.021s. Peers: 4","throwable":""}
{"timestamp":"2021-09-30T15:01:24,580","container":"340fee0e4b24","level":"INFO","thread":"pool-9-thread-1","class":"IbftBesuControllerBuilder","message":"Imported #40 / 0 tx / 0 pending / 0 (0.0%) gas / (0x0393ddbffed2af605b09c154c6fb8d78fcb8160517d069cca6c0ddcc14c1fed5)","throwable":""}
{"timestamp":"2021-09-30T15:01:26,447","container":"340fee0e4b24","level":"INFO","thread":"pool-9-thread-1","class":"IbftBesuControllerBuilder","message":"Imported #41 / 0 tx / 0 pending / 0 (0.0%) gas / (0x5670fa049d7b4772087146d098d85b273aabf026c0166bddce0e3feb24007f05)","throwable":""}
{"timestamp":"2021-09-30T15:01:28,573","container":"340fee0e4b24","level":"INFO","thread":"EthScheduler-Workers-2","class":"PersistBlockTask","message":"Imported #42 / 0 tx / 0 om / 0 (0.0%) gas / (0x31ca6b829f2a070e6da00acca78e94532e88771c6c390275ae6d9be4f8c4f787) in 0.039s. Peers: 4","throwable":""}
{"timestamp":"2021-09-30T15:01:28,577","container":"340fee0e4b24","level":"INFO","thread":"pool-9-thread-1","class":"IbftBesuControllerBuilder","message":"Produced #42 / 0 tx / 0 pending / 0 (0.0%) gas / (0x31ca6b829f2a070e6da00acca78e94532e88771c6c390275ae6d9be4f8c4f787)","throwable":""}
{"timestamp":"2021-09-30T15:01:30,404","container":"340fee0e4b24","level":"INFO","thread":"pool-9-thread-1","class":"IbftBesuControllerBuilder","message":"Imported #43 / 0 tx / 0 pending / 0 (0.0%) gas / (0xe282a118f33be6a3ce45b80333de331dfb51f955c7f047adf11f5cef6cd3ae7f)","throwable":""}
{"timestamp":"2021-09-30T15:01:30,421","container":"340fee0e4b24","level":"INFO","thread":"EthScheduler-Workers-1","class":"PersistBlockTask","message":"Imported #43 / 0 tx / 0 om / 0 (0.0%) gas / (0xe282a118f33be6a3ce45b80333de331dfb51f955c7f047adf11f5cef6cd3ae7f) in 0.031s. Peers: 4","throwable":""}
{"timestamp":"2021-09-30T15:01:32,464","container":"340fee0e4b24","level":"INFO","thread":"EthScheduler-Workers-3","class":"PersistBlockTask","message":"Imported #44 / 0 tx / 0 om / 0 (0.0%) gas / (0x29d052125a2cb316fc805ecdcbb2b03dff2eeab35283911e2a935f7788d1c062) in 0.018s. Peers: 4","throwable":""}
{"timestamp":"2021-09-30T15:01:32,464","container":"340fee0e4b24","level":"INFO","thread":"pool-9-thread-1","class":"IbftBesuControllerBuilder","message":"Imported #44 / 0 tx / 0 pending / 0 (0.0%) gas / (0x29d052125a2cb316fc805ecdcbb2b03dff2eeab35283911e2a935f7788d1c062)","throwable":""}
{"timestamp":"2021-09-30T15:01:34,360","container":"340fee0e4b24","level":"INFO","thread":"EthScheduler-Workers-0","class":"PersistBlockTask","message":"Imported #45 / 0 tx / 0 om / 0 (0.0%) gas / (0x1db89f5754f9f2de6f80aedb551685365b71744f7952061d321fc59f83cee03c) in 0.039s. Peers: 4","throwable":""}
{"timestamp":"2021-09-30T15:01:36,430","container":"340fee0e4b24","level":"INFO","thread":"EthScheduler-Workers-2","class":"PersistBlockTask","message":"Imported #46 / 0 tx / 0 om / 0 (0.0%) gas / (0x70e5dc44ab8189989eba4c3f196a50ec34fbd7074372f95066021651e5fac64b) in 0.035s. Peers: 4","throwable":""}
{"timestamp":"2021-09-30T15:01:38,431","container":"340fee0e4b24","level":"INFO","thread":"EthScheduler-Workers-1","class":"PersistBlockTask","message":"Imported #47 / 0 tx / 0 om / 0 (0.0%) gas / (0xf7dd35780ecca547972192295772d8a77258d69672a353cc99d5b3ba10e39d2d) in 0.031s. Peers: 4","throwable":""}
{"timestamp":"2021-09-30T15:01:38,447","container":"340fee0e4b24","level":"INFO","thread":"pool-9-thread-1","class":"IbftBesuControllerBuilder","message":"Imported #47 / 0 tx / 0 pending / 0 (0.0%) gas / (0xf7dd35780ecca547972192295772d8a77258d69672a353cc99d5b3ba10e39d2d)","throwable":""}
{"timestamp":"2021-09-30T15:01:40,325","container":"340fee0e4b24","level":"INFO","thread":"pool-9-thread-1","class":"IbftBesuControllerBuilder","message":"Imported #48 / 0 tx / 0 pending / 0 (0.0%) gas / (0xb8c44bb9d490892d69a5c6e0a19dfbe5068cc87e22ead7c1c1823f881db8face)","throwable":""}
{"timestamp":"2021-09-30T15:01:42,471","container":"340fee0e4b24","level":"INFO","thread":"pool-9-thread-1","class":"IbftBesuControllerBuilder","message":"Imported #49 / 0 tx / 0 pending / 0 (0.0%) gas / (0x6e23a60fedd75036766e57ebfaf0d48869723eae475808c30e2f8ce2b03fc5b5)","throwable":""}
{"timestamp":"2021-09-30T15:01:44,410","container":"340fee0e4b24","level":"INFO","thread":"pool-9-thread-1","class":"IbftBesuControllerBuilder","message":"Produced #50 / 0 tx / 0 pending / 0 (0.0%) gas / (0x3742eb55a0a5f491edcf47200b65862841eb69ec17b5b98ac31e8bf4f87de9fe)","throwable":""}
{"timestamp":"2021-09-30T15:01:46,654","container":"340fee0e4b24","level":"INFO","thread":"EthScheduler-Workers-3","class":"PersistBlockTask","message":"Imported #51 / 0 tx / 0 om / 0 (0.0%) gas / (0xb8b49a55db7b629a4cebb777956aa04c457c307d6156b556c4eca9f31d904a2e) in 0.046s. Peers: 4","throwable":""}
{"timestamp":"2021-09-30T15:01:46,677","container":"340fee0e4b24","level":"INFO","thread":"pool-9-thread-1","class":"IbftBesuControllerBuilder","message":"Imported #51 / 0 tx / 0 pending / 0 (0.0%) gas / (0xb8b49a55db7b629a4cebb777956aa04c457c307d6156b556c4eca9f31d904a2e)","throwable":""}
{"timestamp":"2021-09-30T15:01:48,661","container":"340fee0e4b24","level":"INFO","thread":"pool-9-thread-1","class":"IbftBesuControllerBuilder","message":"Imported #52 / 0 tx / 0 pending / 0 (0.0%) gas / (0x6bd90d0857a30d6570a5cf66486de6650a3a002910563a19a8766b8fe39165b9)","throwable":""}
{"timestamp":"2021-09-30T15:01:50,834","container":"340fee0e4b24","level":"INFO","thread":"pool-9-thread-1","class":"IbftBesuControllerBuilder","message":"Imported #53 / 0 tx / 0 pending / 0 (0.0%) gas / (0x02ea363b95603393b6a76460ee177f01df7714649a3593483e3cc527b44e60cd)","throwable":""}
{"timestamp":"2021-09-30T15:01:52,654","container":"340fee0e4b24","level":"INFO","thread":"pool-9-thread-1","class":"IbftBesuControllerBuilder","message":"Produced #54 / 0 tx / 0 pending / 0 (0.0%) gas / (0x38ad00ff3ea506e7e9abde43276f09fea520edd9a57e08d18abe86bddf05911d)","throwable":""}
{"timestamp":"2021-09-30T15:01:54,454","container":"340fee0e4b24","level":"INFO","thread":"pool-9-thread-1","class":"IbftBesuControllerBuilder","message":"Imported #55 / 0 tx / 0 pending / 0 (0.0%) gas / (0x741c6e98d41c9f5329cabf53aff04ae026cfb0b11f97c7c66b73674d52c93e91)","throwable":""}
{"timestamp":"2021-09-30T15:01:56,738","container":"340fee0e4b24","level":"INFO","thread":"pool-9-thread-1","class":"IbftBesuControllerBuilder","message":"Imported #56 / 0 tx / 0 pending / 0 (0.0%) gas / (0xba5b3646c666a7b6515f8f4cc52bdd37687f3688bfcb825091ed9121f602e561)","throwable":""}
{"timestamp":"2021-09-30T15:01:56,751","container":"340fee0e4b24","level":"INFO","thread":"EthScheduler-Workers-0","class":"PersistBlockTask","message":"Imported #56 / 0 tx / 0 om / 0 (0.0%) gas / (0xba5b3646c666a7b6515f8f4cc52bdd37687f3688bfcb825091ed9121f602e561) in 0.088s. Peers: 4","throwable":""}
{"timestamp":"2021-09-30T15:01:58,437","container":"340fee0e4b24","level":"INFO","thread":"pool-9-thread-1","class":"IbftBesuControllerBuilder","message":"Imported #57 / 0 tx / 0 pending / 0 (0.0%) gas / (0x36cecd66930477b28758091f0780bf782a253c386248d696b7c3352001941492)","throwable":""}
{"timestamp":"2021-09-30T15:02:00,532","container":"340fee0e4b24","level":"INFO","thread":"pool-9-thread-1","class":"IbftBesuControllerBuilder","message":"Produced #58 / 0 tx / 0 pending / 0 (0.0%) gas / (0x33e4744e931ba2a8ac740fb63d5d04b3c7ebfc3b483c484599f8640e9f11e2a5)","throwable":""}
{"timestamp":"2021-09-30T15:02:02,309","container":"340fee0e4b24","level":"INFO","thread":"pool-9-thread-1","class":"IbftBesuControllerBuilder","message":"Imported #59 / 0 tx / 0 pending / 0 (0.0%) gas / (0x07a508fc7bb3e821feda53046dba5b1cf2a0182743525d0e9986c676970571f8)","throwable":""}
{"timestamp":"2021-09-30T15:02:04,454","container":"340fee0e4b24","level":"INFO","thread":"EthScheduler-Workers-2","class":"PersistBlockTask","message":"Imported #60 / 0 tx / 0 om / 0 (0.0%) gas / (0xf60656a0669e01473e1511faedfb0429b212947a2f9489ece06b154400e750af) in 0.053s. Peers: 4","throwable":""}
{"timestamp":"2021-09-30T15:02:06,352","container":"340fee0e4b24","level":"INFO","thread":"pool-9-thread-1","class":"IbftBesuControllerBuilder","message":"Imported #61 / 0 tx / 0 pending / 0 (0.0%) gas / (0x31f33dbaea98134017f86c31af429481dd5d7cb3897baaa414224c5e64e6eee8)","throwable":""}
{"timestamp":"2021-09-30T15:02:08,355","container":"340fee0e4b24","level":"INFO","thread":"pool-9-thread-1","class":"IbftBesuControllerBuilder","message":"Produced #62 / 0 tx / 0 pending / 0 (0.0%) gas / (0xa58037ec0091422efb9263650b3a8cbf7f414be22cd8f40d744ff32a9ee52081)","throwable":""}
{"timestamp":"2021-09-30T15:02:10,684","container":"340fee0e4b24","level":"INFO","thread":"pool-9-thread-1","class":"IbftBesuControllerBuilder","message":"Imported #63 / 0 tx / 0 pending / 0 (0.0%) gas / (0xcea5b78658dfd339eeb687fd810c394a04eeee6fff80130c8ab59707a375d61d)","throwable":""}
{"timestamp":"2021-09-30T15:02:12,382","container":"340fee0e4b24","level":"INFO","thread":"pool-9-thread-1","class":"IbftBesuControllerBuilder","message":"Imported #64 / 0 tx / 0 pending / 0 (0.0%) gas / (0xcdc3751b25d7a715ddb4fd8d89572d8509734254df562863bea67e42c5e9e1b9)","throwable":""}
{"timestamp":"2021-09-30T15:02:14,492","container":"340fee0e4b24","level":"INFO","thread":"pool-9-thread-1","class":"IbftBesuControllerBuilder","message":"Imported #65 / 0 tx / 0 pending / 0 (0.0%) gas / (0xf0cee802b751b91affbf1a3808bfb95af6d94596ee2de37d83d9654ce135a56c)","throwable":""}
{"timestamp":"2021-09-30T15:02:16,410","container":"340fee0e4b24","level":"INFO","thread":"pool-9-thread-1","class":"IbftBesuControllerBuilder","message":"Produced #66 / 0 tx / 0 pending / 0 (0.0%) gas / (0xa0486eb67f903f83dc7de1da4f361633e919df42b226046ba8eab5aa3c925001)","throwable":""}
{"timestamp":"2021-09-30T15:02:18,349","container":"340fee0e4b24","level":"INFO","thread":"pool-9-thread-1","class":"IbftBesuControllerBuilder","message":"Imported #67 / 0 tx / 0 pending / 0 (0.0%) gas / (0x10956b346ff4dce885ea67d2871ffba5f2f457d925bab95be989be6d37e54a59)","throwable":""}
{"timestamp":"2021-09-30T15:02:20,553","container":"340fee0e4b24","level":"INFO","thread":"EthScheduler-Workers-1","class":"PersistBlockTask","message":"Imported #68 / 0 tx / 0 om / 0 (0.0%) gas / (0x1208d6a81d3c8a53640fa7d0a6d6ddd46943a5dd34f24e06bb4a5925ef36bac6) in 0.049s. Peers: 4","throwable":""}
{"timestamp":"2021-09-30T15:02:20,552","container":"340fee0e4b24","level":"INFO","thread":"pool-9-thread-1","class":"IbftBesuControllerBuilder","message":"Imported #68 / 0 tx / 0 pending / 0 (0.0%) gas / (0x1208d6a81d3c8a53640fa7d0a6d6ddd46943a5dd34f24e06bb4a5925ef36bac6)","throwable":""}
{"timestamp":"2021-09-30T15:02:22,392","container":"340fee0e4b24","level":"INFO","thread":"EthScheduler-Workers-3","class":"PersistBlockTask","message":"Imported #69 / 0 tx / 0 om / 0 (0.0%) gas / (0x78780b67607c0edd2682eaf509edd84bfd569ff59805b04a89f0feaf71667673) in 0.087s. Peers: 4","throwable":""}
{"timestamp":"2021-09-30T15:02:24,334","container":"340fee0e4b24","level":"INFO","thread":"pool-9-thread-1","class":"IbftBesuControllerBuilder","message":"Produced #70 / 0 tx / 0 pending / 0 (0.0%) gas / (0x5c1a0d82776318b71f4cadb3636f878d2aa384eecf9ea0a09bb1e3313718b341)","throwable":""}
{"timestamp":"2021-09-30T15:02:26,536","container":"340fee0e4b24","level":"INFO","thread":"pool-9-thread-1","class":"IbftBesuControllerBuilder","message":"Imported #71 / 0 tx / 0 pending / 0 (0.0%) gas / (0x81ab0e3fb00cddd03a3e3e212ae8e2b1367df31144441e7dd3ed7a2cf7dff197)","throwable":""}
{"timestamp":"2021-09-30T15:02:28,332","container":"340fee0e4b24","level":"INFO","thread":"EthScheduler-Workers-0","class":"PersistBlockTask","message":"Imported #72 / 0 tx / 0 om / 0 (0.0%) gas / (0x2181e596794a3195719c741945dd97461593a86f5500e174822bbb13d8b77ff3) in 0.023s. Peers: 4","throwable":""}
{"timestamp":"2021-09-30T15:02:28,335","container":"340fee0e4b24","level":"INFO","thread":"pool-9-thread-1","class":"IbftBesuControllerBuilder","message":"Imported #72 / 0 tx / 0 pending / 0 (0.0%) gas / (0x2181e596794a3195719c741945dd97461593a86f5500e174822bbb13d8b77ff3)","throwable":""}
{"timestamp":"2021-09-30T15:02:30,312","container":"340fee0e4b24","level":"INFO","thread":"pool-9-thread-1","class":"IbftBesuControllerBuilder","message":"Imported #73 / 0 tx / 0 pending / 0 (0.0%) gas / (0x66e22f34e9f0ee77f638b871420eff1c6a32c1c6ffc78f42b6a497ff43f34c43)","throwable":""}
{"timestamp":"2021-09-30T15:02:32,278","container":"340fee0e4b24","level":"INFO","thread":"pool-9-thread-1","class":"IbftBesuControllerBuilder","message":"Produced #74 / 0 tx / 0 pending / 0 (0.0%) gas / (0x9b47171cdfaec3fbc6b4a2877a53a7eb3fa6fa5a8d60bd2c1405c3da4a0f65fb)","throwable":""}
{"timestamp":"2021-09-30T15:02:32,278","container":"340fee0e4b24","level":"INFO","thread":"EthScheduler-Workers-2","class":"PersistBlockTask","message":"Imported #74 / 0 tx / 0 om / 0 (0.0%) gas / (0x9b47171cdfaec3fbc6b4a2877a53a7eb3fa6fa5a8d60bd2c1405c3da4a0f65fb) in 0.029s. Peers: 4","throwable":""}
{"timestamp":"2021-09-30T15:02:34,333","container":"340fee0e4b24","level":"INFO","thread":"EthScheduler-Workers-1","class":"PersistBlockTask","message":"Imported #75 / 0 tx / 0 om / 0 (0.0%) gas / (0x945d75243c4ae73f2dc4eee45bf9b1410f196fc6d268796527e794e0d376091d) in 0.022s. Peers: 4","throwable":""}
{"timestamp":"2021-09-30T15:02:34,336","container":"340fee0e4b24","level":"INFO","thread":"pool-9-thread-1","class":"IbftBesuControllerBuilder","message":"Imported #75 / 0 tx / 0 pending / 0 (0.0%) gas / (0x945d75243c4ae73f2dc4eee45bf9b1410f196fc6d268796527e794e0d376091d)","throwable":""}
{"timestamp":"2021-09-30T15:02:36,284","container":"340fee0e4b24","level":"INFO","thread":"pool-9-thread-1","class":"IbftBesuControllerBuilder","message":"Imported #76 / 0 tx / 0 pending / 0 (0.0%) gas / (0x5f80ba4d9c3745920f48d6196e47c661e166cedbdceebf37416d472994d65116)","throwable":""}
{"timestamp":"2021-09-30T15:02:38,525","container":"340fee0e4b24","level":"INFO","thread":"pool-9-thread-1","class":"IbftBesuControllerBuilder","message":"Imported #77 / 0 tx / 0 pending / 0 (0.0%) gas / (0xb47946a88bf0d71782352c74429e643b9b862e2ef9d0ed3df4f6f35da218568c)","throwable":""}
{"timestamp":"2021-09-30T15:02:40,290","container":"340fee0e4b24","level":"INFO","thread":"pool-9-thread-1","class":"IbftBesuControllerBuilder","message":"Produced #78 / 0 tx / 0 pending / 0 (0.0%) gas / (0x97b1f7ac10b2080e90b96a3d527ce8d22d2cbce125b2e6ff182fdcd4a88c84f9)","throwable":""}
{"timestamp":"2021-09-30T15:02:42,257","container":"340fee0e4b24","level":"INFO","thread":"pool-9-thread-1","class":"IbftBesuControllerBuilder","message":"Imported #79 / 0 tx / 0 pending / 0 (0.0%) gas / (0x648a6dfb53544187b5d4139ab25f42ee9dd2a1a08b6e1549ade94f71e33bb500)","throwable":""}
{"timestamp":"2021-09-30T15:02:44,262","container":"340fee0e4b24","level":"INFO","thread":"pool-9-thread-1","class":"IbftBesuControllerBuilder","message":"Imported #80 / 0 tx / 0 pending / 0 (0.0%) gas / (0x2a36545dfb63b976d19d393c9e902c8936f8279127bbd008f4f376cea7c80d62)","throwable":""}
{"timestamp":"2021-09-30T15:02:46,274","container":"340fee0e4b24","level":"INFO","thread":"EthScheduler-Workers-3","class":"PersistBlockTask","message":"Imported #81 / 0 tx / 0 om / 0 (0.0%) gas / (0xc074cd06724331f5911ed1a95acb4d0f4121a042521b22fe0d9ac6e6faadf6d7) in 0.036s. Peers: 4","throwable":""}
{"timestamp":"2021-09-30T15:02:46,285","container":"340fee0e4b24","level":"INFO","thread":"pool-9-thread-1","class":"IbftBesuControllerBuilder","message":"Imported #81 / 0 tx / 0 pending / 0 (0.0%) gas / (0xc074cd06724331f5911ed1a95acb4d0f4121a042521b22fe0d9ac6e6faadf6d7)","throwable":""}
{"timestamp":"2021-09-30T15:02:48,414","container":"340fee0e4b24","level":"INFO","thread":"pool-9-thread-1","class":"IbftBesuControllerBuilder","message":"Produced #82 / 0 tx / 0 pending / 0 (0.0%) gas / (0xd5eb8c4a7fcfc9a04c7756812c4781b2d128f4458d0572b1949e2be201ebce3a)","throwable":""}
{"timestamp":"2021-09-30T15:02:50,417","container":"340fee0e4b24","level":"INFO","thread":"pool-9-thread-1","class":"IbftBesuControllerBuilder","message":"Imported #83 / 0 tx / 0 pending / 0 (0.0%) gas / (0x6e392ebd951c8c3c91822a0e28b6a212b47eb90530e3034ee394e62381bbaba7)","throwable":""}
{"timestamp":"2021-09-30T15:02:52,654","container":"340fee0e4b24","level":"INFO","thread":"pool-9-thread-1","class":"IbftBesuControllerBuilder","message":"Imported #84 / 0 tx / 0 pending / 0 (0.0%) gas / (0xe48c3f1061ff85261e7564bbe5fc9ebd7b536e72f3318026644f14ed85f00c9b)","throwable":""}
{"timestamp":"2021-09-30T15:02:52,667","container":"340fee0e4b24","level":"INFO","thread":"EthScheduler-Workers-0","class":"PersistBlockTask","message":"Imported #84 / 0 tx / 0 om / 0 (0.0%) gas / (0xe48c3f1061ff85261e7564bbe5fc9ebd7b536e72f3318026644f14ed85f00c9b) in 0.000s. Peers: 4","throwable":""}
{"timestamp":"2021-09-30T15:02:54,396","container":"340fee0e4b24","level":"INFO","thread":"pool-9-thread-1","class":"IbftBesuControllerBuilder","message":"Imported #85 / 0 tx / 0 pending / 0 (0.0%) gas / (0x66cd0b5225ffb79a7e98c30e719f96d89d437eb45f440d58ae58823fd6bc2b7a)","throwable":""}
{"timestamp":"2021-09-30T15:02:56,274","container":"340fee0e4b24","level":"INFO","thread":"pool-9-thread-1","class":"IbftBesuControllerBuilder","message":"Produced #86 / 0 tx / 0 pending / 0 (0.0%) gas / (0x930f125cdca9ec1a8bb9feb17fed6929442348d7be7f16be2965a4fddc1f8d47)","throwable":""}
{"timestamp":"2021-09-30T15:02:58,274","container":"340fee0e4b24","level":"INFO","thread":"pool-9-thread-1","class":"IbftBesuControllerBuilder","message":"Imported #87 / 0 tx / 0 pending / 0 (0.0%) gas / (0xf7697b9451cc33578226c297ad1c6b4a33258597de0d0d8a25327975cb849247)","throwable":""}
{"timestamp":"2021-09-30T15:03:00,393","container":"340fee0e4b24","level":"INFO","thread":"pool-9-thread-1","class":"IbftBesuControllerBuilder","message":"Imported #88 / 0 tx / 0 pending / 0 (0.0%) gas / (0x94b4f359c1bd04541a541ea1432e032cb883ed072a43d8bbab461c554ba77f9f)","throwable":""}
{"timestamp":"2021-09-30T15:03:02,248","container":"340fee0e4b24","level":"INFO","thread":"pool-9-thread-1","class":"IbftBesuControllerBuilder","message":"Imported #89 / 0 tx / 0 pending / 0 (0.0%) gas / (0xeef767be058d342862ad4c47f14f636bd5846fd0389d04c28013041b57876d29)","throwable":""}
{"timestamp":"2021-09-30T15:03:04,279","container":"340fee0e4b24","level":"INFO","thread":"pool-9-thread-1","class":"IbftBesuControllerBuilder","message":"Produced #90 / 0 tx / 0 pending / 0 (0.0%) gas / (0x290607697b7e403807ffd4e75f17a7ff289f9ae09d5a534e69a0d9daa5db59b3)","throwable":""}
{"timestamp":"2021-09-30T15:03:06,303","container":"340fee0e4b24","level":"INFO","thread":"pool-9-thread-1","class":"IbftBesuControllerBuilder","message":"Imported #91 / 0 tx / 0 pending / 0 (0.0%) gas / (0xf0fafcbefdde70ab7b5a331e65a4f6cf04d02b9153967a83718739aad5ae491b)","throwable":""}
{"timestamp":"2021-09-30T15:03:08,276","container":"340fee0e4b24","level":"INFO","thread":"EthScheduler-Workers-2","class":"PersistBlockTask","message":"Imported #92 / 0 tx / 0 om / 0 (0.0%) gas / (0x5e47cb0bd57643d001dd35852d025dec052473c54caf2a0dc349a95d0785b61f) in 0.047s. Peers: 4","throwable":""}
{"timestamp":"2021-09-30T15:03:10,430","container":"340fee0e4b24","level":"INFO","thread":"pool-9-thread-1","class":"IbftBesuControllerBuilder","message":"Imported #93 / 0 tx / 0 pending / 0 (0.0%) gas / (0xbdb9474764d826762d7922bbf9a11d90da8e7764c90328c73e45c35f739a0c51)","throwable":""}
{"timestamp":"2021-09-30T15:03:10,435","container":"340fee0e4b24","level":"INFO","thread":"EthScheduler-Workers-1","class":"PersistBlockTask","message":"Imported #93 / 0 tx / 0 om / 0 (0.0%) gas / (0xbdb9474764d826762d7922bbf9a11d90da8e7764c90328c73e45c35f739a0c51) in 0.102s. Peers: 4","throwable":""}
{"timestamp":"2021-09-30T15:03:12,271","container":"340fee0e4b24","level":"INFO","thread":"pool-9-thread-1","class":"IbftBesuControllerBuilder","message":"Produced #94 / 0 tx / 0 pending / 0 (0.0%) gas / (0x883b08a316fded0e1ec582419f835bd71ec42ed4f0db1ea1473434d638e5baff)","throwable":""}
{"timestamp":"2021-09-30T15:03:14,360","container":"340fee0e4b24","level":"INFO","thread":"EthScheduler-Workers-3","class":"PersistBlockTask","message":"Imported #95 / 0 tx / 0 om / 0 (0.0%) gas / (0xa995816aa1920df67cc2a6bfab23f40c5a6719c233e7ea29a4767f08ae7485d2) in 0.026s. Peers: 4","throwable":""}
{"timestamp":"2021-09-30T15:03:14,380","container":"340fee0e4b24","level":"INFO","thread":"pool-9-thread-1","class":"IbftBesuControllerBuilder","message":"Imported #95 / 0 tx / 0 pending / 0 (0.0%) gas / (0xa995816aa1920df67cc2a6bfab23f40c5a6719c233e7ea29a4767f08ae7485d2)","throwable":""}
{"timestamp":"2021-09-30T15:03:16,243","container":"340fee0e4b24","level":"INFO","thread":"pool-9-thread-1","class":"IbftBesuControllerBuilder","message":"Imported #96 / 0 tx / 0 pending / 0 (0.0%) gas / (0x0b1290c5efb8b5cf67cd435cae06438f6cec6d34ef7183007106b64786e4d25c)","throwable":""}
{"timestamp":"2021-09-30T15:03:18,361","container":"340fee0e4b24","level":"INFO","thread":"EthScheduler-Workers-0","class":"PersistBlockTask","message":"Imported #97 / 0 tx / 0 om / 0 (0.0%) gas / (0x46f5db726b480b803f0b492eaad1993a1f10de477ad48c02b3ba05efba2ad70f) in 0.039s. Peers: 4","throwable":""}
{"timestamp":"2021-09-30T15:03:18,371","container":"340fee0e4b24","level":"INFO","thread":"pool-9-thread-1","class":"IbftBesuControllerBuilder","message":"Imported #97 / 0 tx / 0 pending / 0 (0.0%) gas / (0x46f5db726b480b803f0b492eaad1993a1f10de477ad48c02b3ba05efba2ad70f)","throwable":""}
{"timestamp":"2021-09-30T15:03:20,304","container":"340fee0e4b24","level":"INFO","thread":"pool-9-thread-1","class":"IbftBesuControllerBuilder","message":"Produced #98 / 0 tx / 0 pending / 0 (0.0%) gas / (0x1328ac1ca515d242b48d667dda79b9b0674a48de2d9db1ee90e22b52836ff6f7)","throwable":""}
{"timestamp":"2021-09-30T15:03:23,225","container":"340fee0e4b24","level":"INFO","thread":"EthScheduler-Workers-2","class":"PersistBlockTask","message":"Imported #99 / 0 tx / 0 om / 0 (0.0%) gas / (0x3a884fbf4386030141ac220a39fd5dc88a0e6033fd8a080e98a8cce79aeb4ee8) in 0.348s. Peers: 4","throwable":""}
{"timestamp":"2021-09-30T15:03:24,350","container":"340fee0e4b24","level":"INFO","thread":"pool-9-thread-1","class":"IbftBesuControllerBuilder","message":"Imported #100 / 0 tx / 0 pending / 0 (0.0%) gas / (0xcb79ae51789aa9306d149473f70145454267f736019fc2dd21de93448a844c60)","throwable":""}
{"timestamp":"2021-09-30T15:03:26,358","container":"340fee0e4b24","level":"INFO","thread":"pool-9-thread-1","class":"IbftBesuControllerBuilder","message":"Imported #101 / 0 tx / 0 pending / 0 (0.0%) gas / (0x7d6ffa528832b2d815c9a6f1202ad23c21b29e815dedb18ca830190fa4488a4a)","throwable":""}
{"timestamp":"2021-09-30T15:03:28,491","container":"340fee0e4b24","level":"INFO","thread":"pool-9-thread-1","class":"IbftBesuControllerBuilder","message":"Produced #102 / 0 tx / 0 pending / 0 (0.0%) gas / (0x69412745440883f5b25a7e20f6f39593a4139a2f64ed23048b179ca07bcdc500)","throwable":""}
{"timestamp":"2021-09-30T15:03:30,472","container":"340fee0e4b24","level":"INFO","thread":"EthScheduler-Workers-1","class":"PersistBlockTask","message":"Imported #103 / 0 tx / 0 om / 0 (0.0%) gas / (0x4ce284a0a69756c1ed0c5ff4698e2b1e318bf843b4b8f26b86690ef336d13ca6) in 0.030s. Peers: 4","throwable":""}
{"timestamp":"2021-09-30T15:03:30,476","container":"340fee0e4b24","level":"INFO","thread":"pool-9-thread-1","class":"IbftBesuControllerBuilder","message":"Imported #103 / 0 tx / 0 pending / 0 (0.0%) gas / (0x4ce284a0a69756c1ed0c5ff4698e2b1e318bf843b4b8f26b86690ef336d13ca6)","throwable":""}
{"timestamp":"2021-09-30T15:03:32,270","container":"340fee0e4b24","level":"INFO","thread":"pool-9-thread-1","class":"IbftBesuControllerBuilder","message":"Imported #104 / 0 tx / 0 pending / 0 (0.0%) gas / (0x9af5e42f7c7cef91f8dce708a65f9262a5b98a3c0abf8f9936df2bf63ffac2e9)","throwable":""}
{"timestamp":"2021-09-30T15:03:34,561","container":"340fee0e4b24","level":"INFO","thread":"pool-9-thread-1","class":"IbftBesuControllerBuilder","message":"Imported #105 / 0 tx / 0 pending / 0 (0.0%) gas / (0x16dffadf31d5c5a31dc5bfda243e96b227a5e6f8099404facdb474fe6ea5b531)","throwable":""}
{"timestamp":"2021-09-30T15:03:36,311","container":"340fee0e4b24","level":"INFO","thread":"pool-9-thread-1","class":"IbftBesuControllerBuilder","message":"Produced #106 / 0 tx / 0 pending / 0 (0.0%) gas / (0xb33974dac8bdaa05d130228a07eee59182f24942e8f803b4bb40def08406aca6)","throwable":""}
{"timestamp":"2021-09-30T15:03:38,254","container":"340fee0e4b24","level":"INFO","thread":"pool-9-thread-1","class":"IbftBesuControllerBuilder","message":"Imported #107 / 0 tx / 0 pending / 0 (0.0%) gas / (0x54c3c62c1539b307adca6e35edcb11d745724313c5a4981714c9eaa1010f102e)","throwable":""}
{"timestamp":"2021-09-30T15:03:40,538","container":"340fee0e4b24","level":"INFO","thread":"pool-9-thread-1","class":"IbftBesuControllerBuilder","message":"Imported #108 / 0 tx / 0 pending / 0 (0.0%) gas / (0xdb951bdc171743402e806766bb3d24c91ab6dfc07123c24fd7b393e9f4c23430)","throwable":""}
{"timestamp":"2021-09-30T15:03:42,431","container":"340fee0e4b24","level":"INFO","thread":"EthScheduler-Workers-3","class":"PersistBlockTask","message":"Imported #109 / 0 tx / 0 om / 0 (0.0%) gas / (0x875d42f753fef7c7d85381acce212dcdf3aa1f45e593464b20adf0c7bbdd5a34) in 0.021s. Peers: 4","throwable":""}
{"timestamp":"2021-09-30T15:03:44,322","container":"340fee0e4b24","level":"INFO","thread":"pool-9-thread-1","class":"IbftBesuControllerBuilder","message":"Produced #110 / 0 tx / 0 pending / 0 (0.0%) gas / (0x3b2348041168795ec05dbfa050369c33d105a4c8577bf27ce85ca1a2d8013690)","throwable":""}
{"timestamp":"2021-09-30T15:03:46,309","container":"340fee0e4b24","level":"INFO","thread":"pool-9-thread-1","class":"IbftBesuControllerBuilder","message":"Imported #111 / 0 tx / 0 pending / 0 (0.0%) gas / (0x2d4e29459b8cafc676fd4841456cf341e56801471524fc09a677b8f64c94eb09)","throwable":""}
{"timestamp":"2021-09-30T15:03:48,239","container":"340fee0e4b24","level":"INFO","thread":"pool-9-thread-1","class":"IbftBesuControllerBuilder","message":"Imported #112 / 0 tx / 0 pending / 0 (0.0%) gas / (0x59c7355799c715b8c48ba5a2fd800067db0a4c0474f1a6bb5fb0492a32457f49)","throwable":""}
{"timestamp":"2021-09-30T15:03:50,410","container":"340fee0e4b24","level":"INFO","thread":"pool-9-thread-1","class":"IbftBesuControllerBuilder","message":"Imported #113 / 0 tx / 0 pending / 0 (0.0%) gas / (0xf9d44edec26c0f1b94cf28e56158f40932756c928343cc24e5bb65d0604b06c5)","throwable":""}
{"timestamp":"2021-09-30T15:03:52,368","container":"340fee0e4b24","level":"INFO","thread":"pool-9-thread-1","class":"IbftBesuControllerBuilder","message":"Produced #114 / 0 tx / 0 pending / 0 (0.0%) gas / (0x1c20e2337481b4201e28a859dbe3db522e9d3ab1f32724d8cb7de05292b6f62f)","throwable":""}
{"timestamp":"2021-09-30T15:03:54,348","container":"340fee0e4b24","level":"INFO","thread":"pool-9-thread-1","class":"IbftBesuControllerBuilder","message":"Imported #115 / 0 tx / 0 pending / 0 (0.0%) gas / (0x6fbd1e9d0f02d935c278d42ea04d00a81a22b6ccde6df1fe56b161ee28346494)","throwable":""}
{"timestamp":"2021-09-30T15:03:56,439","container":"340fee0e4b24","level":"INFO","thread":"EthScheduler-Workers-0","class":"PersistBlockTask","message":"Imported #116 / 0 tx / 0 om / 0 (0.0%) gas / (0x0bfeaed8c60fe2af2398865b8230308f8ccea9b81d53b6258f8ec62e026fbe8b) in 0.039s. Peers: 4","throwable":""}
{"timestamp":"2021-09-30T15:03:58,346","container":"340fee0e4b24","level":"INFO","thread":"EthScheduler-Workers-2","class":"PersistBlockTask","message":"Imported #117 / 0 tx / 0 om / 0 (0.0%) gas / (0xdfcaa0127952514dd21761c87fde85516734001f50db7bbb6aace26c29abacdc) in 0.032s. Peers: 4","throwable":""}
{"timestamp":"2021-09-30T15:03:58,351","container":"340fee0e4b24","level":"INFO","thread":"pool-9-thread-1","class":"IbftBesuControllerBuilder","message":"Imported #117 / 0 tx / 0 pending / 0 (0.0%) gas / (0xdfcaa0127952514dd21761c87fde85516734001f50db7bbb6aace26c29abacdc)","throwable":""}
{"timestamp":"2021-09-30T15:04:00,433","container":"340fee0e4b24","level":"INFO","thread":"EthScheduler-Workers-1","class":"PersistBlockTask","message":"Imported #118 / 0 tx / 0 om / 0 (0.0%) gas / (0xb7b672b36a48eed722ba55577c0ad884162b1e315096b8a4f923bea81f9f1336) in 0.026s. Peers: 4","throwable":""}
{"timestamp":"2021-09-30T15:04:00,438","container":"340fee0e4b24","level":"INFO","thread":"pool-9-thread-1","class":"IbftBesuControllerBuilder","message":"Produced #118 / 0 tx / 0 pending / 0 (0.0%) gas / (0xb7b672b36a48eed722ba55577c0ad884162b1e315096b8a4f923bea81f9f1336)","throwable":""}
{"timestamp":"2021-09-30T15:04:02,245","container":"340fee0e4b24","level":"INFO","thread":"pool-9-thread-1","class":"IbftBesuControllerBuilder","message":"Imported #119 / 0 tx / 0 pending / 0 (0.0%) gas / (0x913349e022fd8255d2f9c7aea62c318498f8a1527d26b6de5ab94cbc12a4120d)","throwable":""}
{"timestamp":"2021-09-30T15:04:04,263","container":"340fee0e4b24","level":"INFO","thread":"pool-9-thread-1","class":"IbftBesuControllerBuilder","message":"Imported #120 / 0 tx / 0 pending / 0 (0.0%) gas / (0xa0756bebcabe5402f7e3f8c46590fa077586d23be0e17f5f77b0b1a53f8d95dc)","throwable":""}
{"timestamp":"2021-09-30T15:04:06,331","container":"340fee0e4b24","level":"INFO","thread":"pool-9-thread-1","class":"IbftBesuControllerBuilder","message":"Imported #121 / 0 tx / 0 pending / 0 (0.0%) gas / (0x2330f34943f660dbf71aee8973025e40bc04a8c4d724a52023b05a360a13afc7)","throwable":""}
{"timestamp":"2021-09-30T15:04:08,242","container":"340fee0e4b24","level":"INFO","thread":"pool-9-thread-1","class":"IbftBesuControllerBuilder","message":"Produced #122 / 0 tx / 0 pending / 0 (0.0%) gas / (0x864ed20e10604ba63ea0936deb20cd2732807c207413fcab8c85f0f939b335f1)","throwable":""}
{"timestamp":"2021-09-30T15:04:08,242","container":"340fee0e4b24","level":"INFO","thread":"EthScheduler-Workers-3","class":"PersistBlockTask","message":"Imported #122 / 0 tx / 0 om / 0 (0.0%) gas / (0x864ed20e10604ba63ea0936deb20cd2732807c207413fcab8c85f0f939b335f1) in 0.026s. Peers: 4","throwable":""}
{"timestamp":"2021-09-30T15:04:10,237","container":"340fee0e4b24","level":"INFO","thread":"pool-9-thread-1","class":"IbftBesuControllerBuilder","message":"Imported #123 / 0 tx / 0 pending / 0 (0.0%) gas / (0x2b860ffce497d9c29e997cf3a988a4210f5b435d5adb669910d113d10467f71c)","throwable":""}
{"timestamp":"2021-09-30T15:04:12,260","container":"340fee0e4b24","level":"INFO","thread":"pool-9-thread-1","class":"IbftBesuControllerBuilder","message":"Imported #124 / 0 tx / 0 pending / 0 (0.0%) gas / (0x5b783ec066e05e40786746492bd6252b75b825bc81847b76435b460e1a266d3e)","throwable":""}
{"timestamp":"2021-09-30T15:04:14,472","container":"340fee0e4b24","level":"INFO","thread":"pool-9-thread-1","class":"IbftBesuControllerBuilder","message":"Imported #125 / 0 tx / 0 pending / 0 (0.0%) gas / (0x5b64afaadc8983478750ce16323b9406e02feb91acbc05db8defe4e78cd30e41)","throwable":""}
{"timestamp":"2021-09-30T15:04:14,472","container":"340fee0e4b24","level":"INFO","thread":"EthScheduler-Workers-0","class":"PersistBlockTask","message":"Imported #125 / 0 tx / 0 om / 0 (0.0%) gas / (0x5b64afaadc8983478750ce16323b9406e02feb91acbc05db8defe4e78cd30e41) in 0.027s. Peers: 4","throwable":""}
{"timestamp":"2021-09-30T15:04:16,265","container":"340fee0e4b24","level":"INFO","thread":"pool-9-thread-1","class":"IbftBesuControllerBuilder","message":"Produced #126 / 0 tx / 0 pending / 0 (0.0%) gas / (0x658cd8d04663791f131faa9e9fa5b5fe46533b6adaba0b10027655f0dd573d89)","throwable":""}
{"timestamp":"2021-09-30T15:04:18,249","container":"340fee0e4b24","level":"INFO","thread":"pool-9-thread-1","class":"IbftBesuControllerBuilder","message":"Imported #127 / 0 tx / 0 pending / 0 (0.0%) gas / (0x2c181a68c1d1373d59e53edafa51fde890d4574084e62b178e60116349dd17e6)","throwable":""}
{"timestamp":"2021-09-30T15:04:20,444","container":"340fee0e4b24","level":"INFO","thread":"pool-9-thread-1","class":"IbftBesuControllerBuilder","message":"Imported #128 / 0 tx / 0 pending / 0 (0.0%) gas / (0x6cba295b4c1dba016b01a426e8a5654f60ce6b229cb617ebc9c0e0747e742533)","throwable":""}
{"timestamp":"2021-09-30T15:04:22,471","container":"340fee0e4b24","level":"INFO","thread":"EthScheduler-Workers-2","class":"PersistBlockTask","message":"Imported #129 / 0 tx / 0 om / 0 (0.0%) gas / (0xa16fb55ec843ba1d3d5ab8dfe3dbb14ff56d00642a4615c21f045ece2bb07569) in 0.026s. Peers: 4","throwable":""}
{"timestamp":"2021-09-30T15:04:22,474","container":"340fee0e4b24","level":"INFO","thread":"pool-9-thread-1","class":"IbftBesuControllerBuilder","message":"Imported #129 / 0 tx / 0 pending / 0 (0.0%) gas / (0xa16fb55ec843ba1d3d5ab8dfe3dbb14ff56d00642a4615c21f045ece2bb07569)","throwable":""}
{"timestamp":"2021-09-30T15:04:24,412","container":"340fee0e4b24","level":"INFO","thread":"pool-9-thread-1","class":"IbftBesuControllerBuilder","message":"Produced #130 / 0 tx / 0 pending / 0 (0.0%) gas / (0x21f57266f8e953e9b585d2ce1ac125d13816771960b8e69b93c405078f066dfe)","throwable":""}
{"timestamp":"2021-09-30T15:04:24,412","container":"340fee0e4b24","level":"INFO","thread":"EthScheduler-Workers-1","class":"PersistBlockTask","message":"Imported #130 / 0 tx / 0 om / 0 (0.0%) gas / (0x21f57266f8e953e9b585d2ce1ac125d13816771960b8e69b93c405078f066dfe) in 0.021s. Peers: 4","throwable":""}
{"timestamp":"2021-09-30T15:04:26,653","container":"340fee0e4b24","level":"INFO","thread":"pool-9-thread-1","class":"IbftBesuControllerBuilder","message":"Imported #131 / 0 tx / 0 pending / 0 (0.0%) gas / (0xc44fe0eb3a0b87051e8e89a9e1a40cbf7c78f138a47cc19ef384bd71c1038831)","throwable":""}
{"timestamp":"2021-09-30T15:04:28,304","container":"340fee0e4b24","level":"INFO","thread":"pool-9-thread-1","class":"IbftBesuControllerBuilder","message":"Imported #132 / 0 tx / 0 pending / 0 (0.0%) gas / (0x904f54cd238b816f7cd951728c4bd8803a6aff066209ae316b93f79c6327ee50)","throwable":""}
{"timestamp":"2021-09-30T15:04:30,271","container":"340fee0e4b24","level":"INFO","thread":"pool-9-thread-1","class":"IbftBesuControllerBuilder","message":"Imported #133 / 0 tx / 0 pending / 0 (0.0%) gas / (0xd7b7ef7589bfadc0cda4c210c9bd233c720abc95b86ab1cf0f75229d4c4a150a)","throwable":""}
{"timestamp":"2021-09-30T15:04:30,271","container":"340fee0e4b24","level":"INFO","thread":"EthScheduler-Workers-3","class":"PersistBlockTask","message":"Imported #133 / 0 tx / 0 om / 0 (0.0%) gas / (0xd7b7ef7589bfadc0cda4c210c9bd233c720abc95b86ab1cf0f75229d4c4a150a) in 0.016s. Peers: 4","throwable":""}
{"timestamp":"2021-09-30T15:04:32,246","container":"340fee0e4b24","level":"INFO","thread":"pool-9-thread-1","class":"IbftBesuControllerBuilder","message":"Produced #134 / 0 tx / 0 pending / 0 (0.0%) gas / (0x6ce6d0e21f852d1df3c8be1fe14bd1bf3d48de6563cd5f16b45fe4d8d611336f)","throwable":""}
{"timestamp":"2021-09-30T15:04:34,403","container":"340fee0e4b24","level":"INFO","thread":"EthScheduler-Workers-0","class":"PersistBlockTask","message":"Imported #135 / 0 tx / 0 om / 0 (0.0%) gas / (0x9fdf5a8bb0908100fcb43b3e59274d6597fd1d2ff24f81c96c7438845be2ff8d) in 0.043s. Peers: 4","throwable":""}
{"timestamp":"2021-09-30T15:04:36,445","container":"340fee0e4b24","level":"INFO","thread":"pool-9-thread-1","class":"IbftBesuControllerBuilder","message":"Imported #136 / 0 tx / 0 pending / 0 (0.0%) gas / (0x9d8efdd06ce134c09081ff26e50bd768e4b0d8ce358467e80a1cea58a8f0053d)","throwable":""}
{"timestamp":"2021-09-30T15:04:38,259","container":"340fee0e4b24","level":"INFO","thread":"pool-9-thread-1","class":"IbftBesuControllerBuilder","message":"Imported #137 / 0 tx / 0 pending / 0 (0.0%) gas / (0x6e6b0479fb1e86d3f1cc90a5c9851991b81b089c9c983bc04266f3be5ac3ccd4)","throwable":""}
{"timestamp":"2021-09-30T15:04:40,228","container":"340fee0e4b24","level":"INFO","thread":"pool-9-thread-1","class":"IbftBesuControllerBuilder","message":"Produced #138 / 0 tx / 0 pending / 0 (0.0%) gas / (0x11f30a6136bc3f209063416cb49198b42a1fb34307f8c54993cb745d6d042e10)","throwable":""}
{"timestamp":"2021-09-30T15:04:42,559","container":"340fee0e4b24","level":"INFO","thread":"pool-9-thread-1","class":"IbftBesuControllerBuilder","message":"Imported #139 / 0 tx / 0 pending / 0 (0.0%) gas / (0x5b0c1d561092f5e18bc014347068d616d6963e94e0daaf02b2858965ad1f307d)","throwable":""}
{"timestamp":"2021-09-30T15:04:44,373","container":"340fee0e4b24","level":"INFO","thread":"EthScheduler-Workers-2","class":"PersistBlockTask","message":"Imported #140 / 0 tx / 0 om / 0 (0.0%) gas / (0x3ef99ebc1a90a5ed1fda33ae7349d6f2c797813ced17ea75e0cc310fe64d1ba8) in 0.053s. Peers: 4","throwable":""}
{"timestamp":"2021-09-30T15:04:46,561","container":"340fee0e4b24","level":"INFO","thread":"EthScheduler-Workers-1","class":"PersistBlockTask","message":"Imported #141 / 0 tx / 0 om / 0 (0.0%) gas / (0xbf7b8791d13836ba502166ccc248dcf487a58de788a64e58fd2c1bbc864f2173) in 0.095s. Peers: 4","throwable":""}
{"timestamp":"2021-09-30T15:04:48,351","container":"340fee0e4b24","level":"INFO","thread":"pool-9-thread-1","class":"IbftBesuControllerBuilder","message":"Produced #142 / 0 tx / 0 pending / 0 (0.0%) gas / (0x0d59b56582e0e1fffb03e7b5f08d8ba96ac8520ec3406e281bd254d3483c093a)","throwable":""}
{"timestamp":"2021-09-30T15:04:50,484","container":"340fee0e4b24","level":"INFO","thread":"EthScheduler-Workers-3","class":"PersistBlockTask","message":"Imported #143 / 0 tx / 0 om / 0 (0.0%) gas / (0x6c2d44c578c44cb8a1aeb6560f98b41d8b3dd47935250ec4d97c0e482aa25645) in 0.044s. Peers: 4","throwable":""}
{"timestamp":"2021-09-30T15:04:52,572","container":"340fee0e4b24","level":"INFO","thread":"EthScheduler-Workers-0","class":"PersistBlockTask","message":"Imported #144 / 0 tx / 0 om / 0 (0.0%) gas / (0xd444c69d3454277916f42578ecd5fddfd5687c66297f91cde177d8c1bd72b4d6) in 0.074s. Peers: 4","throwable":""}
{"timestamp":"2021-09-30T15:04:52,579","container":"340fee0e4b24","level":"INFO","thread":"pool-9-thread-1","class":"IbftBesuControllerBuilder","message":"Imported #144 / 0 tx / 0 pending / 0 (0.0%) gas / (0xd444c69d3454277916f42578ecd5fddfd5687c66297f91cde177d8c1bd72b4d6)","throwable":""}
{"timestamp":"2021-09-30T15:04:54,382","container":"340fee0e4b24","level":"INFO","thread":"pool-9-thread-1","class":"IbftBesuControllerBuilder","message":"Imported #145 / 0 tx / 0 pending / 0 (0.0%) gas / (0x5060d3d01aa351f89170c4ede90a5291b48f607cc2b7ca8b3ae6a5a036dac4ca)","throwable":""}
{"timestamp":"2021-09-30T15:04:54,381","container":"340fee0e4b24","level":"INFO","thread":"EthScheduler-Workers-2","class":"PersistBlockTask","message":"Imported #145 / 0 tx / 0 om / 0 (0.0%) gas / (0x5060d3d01aa351f89170c4ede90a5291b48f607cc2b7ca8b3ae6a5a036dac4ca) in 0.033s. Peers: 4","throwable":""}
{"timestamp":"2021-09-30T15:04:56,270","container":"340fee0e4b24","level":"INFO","thread":"pool-9-thread-1","class":"IbftBesuControllerBuilder","message":"Produced #146 / 0 tx / 0 pending / 0 (0.0%) gas / (0x77044c431e4d75175e2991118bcf0d630a9ad1ae4aefc18795a1eae139d3f2ce)","throwable":""}
{"timestamp":"2021-09-30T15:04:56,278","container":"340fee0e4b24","level":"INFO","thread":"EthScheduler-Workers-1","class":"PersistBlockTask","message":"Imported #146 / 0 tx / 0 om / 0 (0.0%) gas / (0x77044c431e4d75175e2991118bcf0d630a9ad1ae4aefc18795a1eae139d3f2ce) in 0.048s. Peers: 5","throwable":""}
{"timestamp":"2021-09-30T15:04:58,329","container":"340fee0e4b24","level":"INFO","thread":"EthScheduler-Workers-3","class":"PersistBlockTask","message":"Imported #147 / 0 tx / 0 om / 0 (0.0%) gas / (0x9c81af4c861e0ce0623d51ba8aec6b48f1ae0345a11fefdc06a874d60709b11f) in 0.013s. Peers: 5","throwable":""}
{"timestamp":"2021-09-30T15:04:58,344","container":"340fee0e4b24","level":"INFO","thread":"pool-9-thread-1","class":"IbftBesuControllerBuilder","message":"Imported #147 / 0 tx / 0 pending / 0 (0.0%) gas / (0x9c81af4c861e0ce0623d51ba8aec6b48f1ae0345a11fefdc06a874d60709b11f)","throwable":""}
{"timestamp":"2021-09-30T15:05:00,297","container":"340fee0e4b24","level":"INFO","thread":"pool-9-thread-1","class":"IbftBesuControllerBuilder","message":"Imported #148 / 0 tx / 0 pending / 0 (0.0%) gas / (0xe74250c0f28e28313caee9f81dec73660ee742643f539025f65ef5f1747ed5c6)","throwable":""}
{"timestamp":"2021-09-30T15:05:02,248","container":"340fee0e4b24","level":"INFO","thread":"pool-9-thread-1","class":"IbftBesuControllerBuilder","message":"Imported #149 / 0 tx / 0 pending / 0 (0.0%) gas / (0xc4f0abed81bbf37265eb479e4eae80fa1a0d492770c5cd269802a2f2d8d7f46f)","throwable":""}
{"timestamp":"2021-09-30T15:05:04,464","container":"340fee0e4b24","level":"INFO","thread":"pool-9-thread-1","class":"IbftBesuControllerBuilder","message":"Produced #150 / 0 tx / 0 pending / 0 (0.0%) gas / (0x34efdee6db7b5c82e4dd56f8be5bd9e5dd6f8019c46534838c3e69ac34c4bb3e)","throwable":""}
{"timestamp":"2021-09-30T15:05:06,296","container":"340fee0e4b24","level":"INFO","thread":"pool-9-thread-1","class":"IbftBesuControllerBuilder","message":"Imported #151 / 0 tx / 0 pending / 0 (0.0%) gas / (0x49074aa2c02f017cec700beb05e30ec0215163660b3c28a10a10e383241be0d2)","throwable":""}
{"timestamp":"2021-09-30T15:05:08,190","container":"340fee0e4b24","level":"INFO","thread":"pool-9-thread-1","class":"IbftBesuControllerBuilder","message":"Imported #152 / 0 tx / 0 pending / 0 (0.0%) gas / (0x9babe1bba9e8027a0afc7c2572ff17f98cd567d9094375f83400f61f6d1baa4b)","throwable":""}
{"timestamp":"2021-09-30T15:05:10,412","container":"340fee0e4b24","level":"INFO","thread":"pool-9-thread-1","class":"IbftBesuControllerBuilder","message":"Imported #153 / 0 tx / 0 pending / 0 (0.0%) gas / (0x56068296a639d79c66f5df9a60983217add9cf90a81abedf1ef2f776c4662894)","throwable":""}
{"timestamp":"2021-09-30T15:05:12,293","container":"340fee0e4b24","level":"INFO","thread":"pool-9-thread-1","class":"IbftBesuControllerBuilder","message":"Produced #154 / 0 tx / 0 pending / 0 (0.0%) gas / (0x8c616d7f336cc31387ec6bcaf7a54fd75a79503c4a1e5a93260a185642825de6)","throwable":""}
{"timestamp":"2021-09-30T15:05:14,354","container":"340fee0e4b24","level":"INFO","thread":"pool-9-thread-1","class":"IbftBesuControllerBuilder","message":"Imported #155 / 0 tx / 0 pending / 0 (0.0%) gas / (0x30852544bd75fbc31ce11dd5c65234311b62c7a042fb80d210662112450c1c1e)","throwable":""}
{"timestamp":"2021-09-30T15:05:16,242","container":"340fee0e4b24","level":"INFO","thread":"pool-9-thread-1","class":"IbftBesuControllerBuilder","message":"Imported #156 / 0 tx / 0 pending / 0 (0.0%) gas / (0xf9ccbdc609d9997f46533d441b840280bda41b9ec65a1aad96f1b1735a094cb4)","throwable":""}
{"timestamp":"2021-09-30T15:05:18,316","container":"340fee0e4b24","level":"INFO","thread":"pool-9-thread-1","class":"IbftBesuControllerBuilder","message":"Imported #157 / 0 tx / 0 pending / 0 (0.0%) gas / (0x757b3629f3933dc59686a871a548760fedb09efe0f509eb846aceaac06bb09d8)","throwable":""}
{"timestamp":"2021-09-30T15:05:20,586","container":"340fee0e4b24","level":"INFO","thread":"EthScheduler-Workers-0","class":"PersistBlockTask","message":"Imported #158 / 0 tx / 0 om / 0 (0.0%) gas / (0xe7d9338f132fa18e1b5c793e495cde852a98d6b15dbd4fcabd20b477322ee68f) in 0.050s. Peers: 5","throwable":""}
{"timestamp":"2021-09-30T15:05:22,334","container":"340fee0e4b24","level":"INFO","thread":"pool-9-thread-1","class":"IbftBesuControllerBuilder","message":"Imported #159 / 0 tx / 0 pending / 0 (0.0%) gas / (0x4aa5eb53c57931512f4becc4ed82e67121a63e55d33f85f2efc2a7fdb37b36b4)","throwable":""}
{"timestamp":"2021-09-30T15:05:24,581","container":"340fee0e4b24","level":"INFO","thread":"pool-9-thread-1","class":"IbftBesuControllerBuilder","message":"Imported #160 / 0 tx / 0 pending / 0 (0.0%) gas / (0xce89da83632f5cbf774923d1114e26bdcb91459e6c40c8b0daa45a5508f0d475)","throwable":""}
{"timestamp":"2021-09-30T15:05:26,276","container":"340fee0e4b24","level":"INFO","thread":"pool-9-thread-1","class":"IbftBesuControllerBuilder","message":"Imported #161 / 0 tx / 0 pending / 0 (0.0%) gas / (0x2244953930351b52f90e2836ca4d427ac9fbb6e65c4fdb8812b9e7bf1d1db60e)","throwable":""}
{"timestamp":"2021-09-30T15:05:28,474","container":"340fee0e4b24","level":"INFO","thread":"pool-9-thread-1","class":"IbftBesuControllerBuilder","message":"Produced #162 / 0 tx / 0 pending / 0 (0.0%) gas / (0xaf6f2a532b928ca543959f6d822fff503a11e2328dd091dbe0776b3ee2c2b63e)","throwable":""}
{"timestamp":"2021-09-30T15:05:30,357","container":"340fee0e4b24","level":"INFO","thread":"EthScheduler-Workers-2","class":"PersistBlockTask","message":"Imported #163 / 0 tx / 0 om / 0 (0.0%) gas / (0x75f6463d510b5dc1ca9e121c676d5d6851dc01c07875a854568149becc492255) in 0.042s. Peers: 5","throwable":""}
{"timestamp":"2021-09-30T15:05:30,378","container":"340fee0e4b24","level":"INFO","thread":"pool-9-thread-1","class":"IbftBesuControllerBuilder","message":"Imported #163 / 0 tx / 0 pending / 0 (0.0%) gas / (0x75f6463d510b5dc1ca9e121c676d5d6851dc01c07875a854568149becc492255)","throwable":""}
{"timestamp":"2021-09-30T15:05:32,351","container":"340fee0e4b24","level":"INFO","thread":"pool-9-thread-1","class":"IbftBesuControllerBuilder","message":"Imported #164 / 0 tx / 0 pending / 0 (0.0%) gas / (0x4a052c4b6364f6d893451fcf3a46b6bbba0d685ffca2c803ebe6438c0fc2e83a)","throwable":""}
{"timestamp":"2021-09-30T15:05:34,337","container":"340fee0e4b24","level":"INFO","thread":"pool-9-thread-1","class":"IbftBesuControllerBuilder","message":"Imported #165 / 0 tx / 0 pending / 0 (0.0%) gas / (0x2d87e3a936b07fe217f043c415510cb53d2b9ee5f58e93f9d6c21dd9e6784224)","throwable":""}
{"timestamp":"2021-09-30T15:05:34,343","container":"340fee0e4b24","level":"INFO","thread":"EthScheduler-Workers-1","class":"PersistBlockTask","message":"Imported #165 / 0 tx / 0 om / 0 (0.0%) gas / (0x2d87e3a936b07fe217f043c415510cb53d2b9ee5f58e93f9d6c21dd9e6784224) in 0.009s. Peers: 5","throwable":""}
{"timestamp":"2021-09-30T15:05:36,387","container":"340fee0e4b24","level":"INFO","thread":"EthScheduler-Workers-3","class":"PersistBlockTask","message":"Imported #166 / 0 tx / 0 om / 0 (0.0%) gas / (0x89c65274315193e7d8553c5f65afd76dc6c0fb1181c9cc47188f2af701884774) in 0.073s. Peers: 5","throwable":""}
{"timestamp":"2021-09-30T15:05:36,388","container":"340fee0e4b24","level":"INFO","thread":"pool-9-thread-1","class":"IbftBesuControllerBuilder","message":"Produced #166 / 0 tx / 0 pending / 0 (0.0%) gas / (0x89c65274315193e7d8553c5f65afd76dc6c0fb1181c9cc47188f2af701884774)","throwable":""}
{"timestamp":"2021-09-30T15:05:38,316","container":"340fee0e4b24","level":"INFO","thread":"pool-9-thread-1","class":"IbftBesuControllerBuilder","message":"Imported #167 / 0 tx / 0 pending / 0 (0.0%) gas / (0xed101f2ba0c0d68c7cf853fe3a98e4697cfe056db53d97563e20ba9ec06a7f95)","throwable":""}
{"timestamp":"2021-09-30T15:05:40,254","container":"340fee0e4b24","level":"INFO","thread":"pool-9-thread-1","class":"IbftBesuControllerBuilder","message":"Imported #168 / 0 tx / 0 pending / 0 (0.0%) gas / (0xe0ca8ef23f06ceaf42a0bcbda4b968bf2bd3a456d0e396d225e8cbf2e1252568)","throwable":""}
{"timestamp":"2021-09-30T15:05:42,306","container":"340fee0e4b24","level":"INFO","thread":"pool-9-thread-1","class":"IbftBesuControllerBuilder","message":"Imported #169 / 0 tx / 0 pending / 0 (0.0%) gas / (0x826835926cefe427a9cb489630c92b72ecae8bfb0cffd3ebbe5920aa94cc4770)","throwable":""}
{"timestamp":"2021-09-30T15:05:44,356","container":"340fee0e4b24","level":"INFO","thread":"pool-9-thread-1","class":"IbftBesuControllerBuilder","message":"Produced #170 / 0 tx / 0 pending / 0 (0.0%) gas / (0xe5a8374131ea43fd385dbcf0d9fb316456b8b2310fef08a74909d7f08bb3b9f6)","throwable":""}
{"timestamp":"2021-09-30T15:05:44,361","container":"340fee0e4b24","level":"INFO","thread":"EthScheduler-Workers-0","class":"PersistBlockTask","message":"Imported #170 / 0 tx / 0 om / 0 (0.0%) gas / (0xe5a8374131ea43fd385dbcf0d9fb316456b8b2310fef08a74909d7f08bb3b9f6) in 0.057s. Peers: 5","throwable":""}
{"timestamp":"2021-09-30T15:05:46,455","container":"340fee0e4b24","level":"INFO","thread":"EthScheduler-Workers-2","class":"PersistBlockTask","message":"Imported #171 / 0 tx / 0 om / 0 (0.0%) gas / (0x16b46d3c061cc9e0c01d20e08ef612752918f489f9af95a24fb30d4a75316c3a) in 0.049s. Peers: 5","throwable":""}
{"timestamp":"2021-09-30T15:05:46,460","container":"340fee0e4b24","level":"INFO","thread":"pool-9-thread-1","class":"IbftBesuControllerBuilder","message":"Imported #171 / 0 tx / 0 pending / 0 (0.0%) gas / (0x16b46d3c061cc9e0c01d20e08ef612752918f489f9af95a24fb30d4a75316c3a)","throwable":""}
{"timestamp":"2021-09-30T15:05:48,295","container":"340fee0e4b24","level":"INFO","thread":"EthScheduler-Workers-1","class":"PersistBlockTask","message":"Imported #172 / 0 tx / 0 om / 0 (0.0%) gas / (0x031bf44307cc18bc9d34bc51ead0b9ffedf46c41183c9526e60c955ddaef133e) in 0.018s. Peers: 5","throwable":""}
{"timestamp":"2021-09-30T15:05:48,332","container":"340fee0e4b24","level":"INFO","thread":"pool-9-thread-1","class":"IbftBesuControllerBuilder","message":"Imported #172 / 0 tx / 0 pending / 0 (0.0%) gas / (0x031bf44307cc18bc9d34bc51ead0b9ffedf46c41183c9526e60c955ddaef133e)","throwable":""}
{"timestamp":"2021-09-30T15:05:50,687","container":"340fee0e4b24","level":"INFO","thread":"pool-9-thread-1","class":"IbftBesuControllerBuilder","message":"Imported #173 / 0 tx / 0 pending / 0 (0.0%) gas / (0x31ed0386f9e5dbf419d1eea63122b6a5862dd4fd478cbd012bcb72c76ad10392)","throwable":""}
{"timestamp":"2021-09-30T15:05:52,428","container":"340fee0e4b24","level":"INFO","thread":"pool-9-thread-1","class":"IbftBesuControllerBuilder","message":"Produced #174 / 0 tx / 0 pending / 0 (0.0%) gas / (0xb7a2feecbbc06dcd2596c7bc2931b1649497d70e588e7e974a03a8784b7664e0)","throwable":""}
{"timestamp":"2021-09-30T15:05:52,430","container":"340fee0e4b24","level":"INFO","thread":"EthScheduler-Workers-3","class":"PersistBlockTask","message":"Imported #174 / 0 tx / 0 om / 0 (0.0%) gas / (0xb7a2feecbbc06dcd2596c7bc2931b1649497d70e588e7e974a03a8784b7664e0) in 0.019s. Peers: 5","throwable":""}
{"timestamp":"2021-09-30T15:05:54,486","container":"340fee0e4b24","level":"INFO","thread":"pool-9-thread-1","class":"IbftBesuControllerBuilder","message":"Imported #175 / 0 tx / 0 pending / 0 (0.0%) gas / (0xa5662d0852eea94ceac65a9117624d98753f238774a2988d892e68b7f2b85989)","throwable":""}
{"timestamp":"2021-09-30T15:05:56,359","container":"340fee0e4b24","level":"INFO","thread":"pool-9-thread-1","class":"IbftBesuControllerBuilder","message":"Imported #176 / 0 tx / 0 pending / 0 (0.0%) gas / (0x690bcf4f13b35f65459d29eaed4141b8d3784b6a9009ab5676231d811dfa2172)","throwable":""}
{"timestamp":"2021-09-30T15:05:56,365","container":"340fee0e4b24","level":"INFO","thread":"EthScheduler-Workers-0","class":"PersistBlockTask","message":"Imported #176 / 0 tx / 0 om / 0 (0.0%) gas / (0x690bcf4f13b35f65459d29eaed4141b8d3784b6a9009ab5676231d811dfa2172) in 0.025s. Peers: 5","throwable":""}
{"timestamp":"2021-09-30T15:05:58,294","container":"340fee0e4b24","level":"INFO","thread":"pool-9-thread-1","class":"IbftBesuControllerBuilder","message":"Imported #177 / 0 tx / 0 pending / 0 (0.0%) gas / (0x14953e943c311d7bfaaa3bf55ad227dceb4cd7f9e8511db81aec9e420e8ba936)","throwable":""}
{"timestamp":"2021-09-30T15:06:00,388","container":"340fee0e4b24","level":"INFO","thread":"pool-9-thread-1","class":"IbftBesuControllerBuilder","message":"Produced #178 / 0 tx / 0 pending / 0 (0.0%) gas / (0x634137f0a05052d7040da65f3af0c7bb3a1fb87707237c53a546e2d759300ff6)","throwable":""}
{"timestamp":"2021-09-30T15:06:02,255","container":"340fee0e4b24","level":"INFO","thread":"pool-9-thread-1","class":"IbftBesuControllerBuilder","message":"Imported #179 / 0 tx / 0 pending / 0 (0.0%) gas / (0x0617c4d8437bf9ec859dbf4328a0b43bc88329f826a90c1ca099091404a2855e)","throwable":""}
{"timestamp":"2021-09-30T15:06:04,383","container":"340fee0e4b24","level":"INFO","thread":"EthScheduler-Workers-2","class":"PersistBlockTask","message":"Imported #180 / 0 tx / 0 om / 0 (0.0%) gas / (0x4bcea054b4819d4b3b0b581700cbfa967f425c30684c496df27e9ac5692c8a92) in 0.059s. Peers: 5","throwable":""}
{"timestamp":"2021-09-30T15:06:06,602","container":"340fee0e4b24","level":"INFO","thread":"pool-9-thread-1","class":"IbftBesuControllerBuilder","message":"Imported #181 / 0 tx / 0 pending / 0 (0.0%) gas / (0x5100f0ca8bc571c73a169298e8709e505c0fccc2b9c6a5c1c3388a5540174a55)","throwable":""}
{"timestamp":"2021-09-30T15:06:08,342","container":"340fee0e4b24","level":"INFO","thread":"pool-9-thread-1","class":"IbftBesuControllerBuilder","message":"Produced #182 / 0 tx / 0 pending / 0 (0.0%) gas / (0x62bd0689bec94a080ae5f7bb7b4053f65d9e352750178616a73c68cd8b31e3fa)","throwable":""}
{"timestamp":"2021-09-30T15:06:10,268","container":"340fee0e4b24","level":"INFO","thread":"pool-9-thread-1","class":"IbftBesuControllerBuilder","message":"Imported #183 / 0 tx / 0 pending / 0 (0.0%) gas / (0x6c99fa2a7703a99290e869eb3415f5b9dde5c98d244c2bc5c7efe87133977f8a)","throwable":""}
{"timestamp":"2021-09-30T15:06:12,277","container":"340fee0e4b24","level":"INFO","thread":"pool-9-thread-1","class":"IbftBesuControllerBuilder","message":"Imported #184 / 0 tx / 0 pending / 0 (0.0%) gas / (0x218508cbf296f451d199cbd82764923c3b719958ba39b6b6630d6ab1a5ee7682)","throwable":""}
{"timestamp":"2021-09-30T15:06:14,296","container":"340fee0e4b24","level":"INFO","thread":"EthScheduler-Workers-1","class":"PersistBlockTask","message":"Imported #185 / 0 tx / 0 om / 0 (0.0%) gas / (0xa44c8de5a57027b5be47f7e9be8b2ed25b9b3e8c71a309e29b5721706b1c6d67) in 0.005s. Peers: 5","throwable":""}
{"timestamp":"2021-09-30T15:06:14,344","container":"340fee0e4b24","level":"INFO","thread":"pool-9-thread-1","class":"IbftBesuControllerBuilder","message":"Imported #185 / 0 tx / 0 pending / 0 (0.0%) gas / (0xa44c8de5a57027b5be47f7e9be8b2ed25b9b3e8c71a309e29b5721706b1c6d67)","throwable":""}
{"timestamp":"2021-09-30T15:06:16,275","container":"340fee0e4b24","level":"INFO","thread":"pool-9-thread-1","class":"IbftBesuControllerBuilder","message":"Produced #186 / 0 tx / 0 pending / 0 (0.0%) gas / (0x4cac0f2d3e4bff8df77701fd73e37c5bfab02a9212b0c84bf39762eddaf12973)","throwable":""}
{"timestamp":"2021-09-30T15:06:18,478","container":"340fee0e4b24","level":"INFO","thread":"EthScheduler-Workers-3","class":"PersistBlockTask","message":"Imported #187 / 0 tx / 0 om / 0 (0.0%) gas / (0x4cecd1476202778139c7269a52a632df4f407812affd13d9db8555d0beb774bb) in 0.041s. Peers: 5","throwable":""}
{"timestamp":"2021-09-30T15:06:18,486","container":"340fee0e4b24","level":"INFO","thread":"pool-9-thread-1","class":"IbftBesuControllerBuilder","message":"Imported #187 / 0 tx / 0 pending / 0 (0.0%) gas / (0x4cecd1476202778139c7269a52a632df4f407812affd13d9db8555d0beb774bb)","throwable":""}
{"timestamp":"2021-09-30T15:06:20,312","container":"340fee0e4b24","level":"INFO","thread":"pool-9-thread-1","class":"IbftBesuControllerBuilder","message":"Imported #188 / 0 tx / 0 pending / 0 (0.0%) gas / (0xf6f7703ec40c7b15ea4c338ec222e3bf3740e9d57c216ba477c2dbb96855dfb7)","throwable":""}
{"timestamp":"2021-09-30T15:06:20,343","container":"340fee0e4b24","level":"INFO","thread":"EthScheduler-Workers-0","class":"PersistBlockTask","message":"Imported #188 / 0 tx / 0 om / 0 (0.0%) gas / (0xf6f7703ec40c7b15ea4c338ec222e3bf3740e9d57c216ba477c2dbb96855dfb7) in 0.034s. Peers: 5","throwable":""}
{"timestamp":"2021-09-30T15:06:22,461","container":"340fee0e4b24","level":"INFO","thread":"EthScheduler-Workers-2","class":"PersistBlockTask","message":"Imported #189 / 0 tx / 0 om / 0 (0.0%) gas / (0xa4497162ae6781e7e85d7f30df21132e961a8b910a03545e3e29a1fdb3485f43) in 0.052s. Peers: 5","throwable":""}
{"timestamp":"2021-09-30T15:06:24,404","container":"340fee0e4b24","level":"INFO","thread":"pool-9-thread-1","class":"IbftBesuControllerBuilder","message":"Produced #190 / 0 tx / 0 pending / 0 (0.0%) gas / (0x1e4505dee085d9a3a6417b6f30fd41b1b96e470df3a591f83ef18ff37a639232)","throwable":""}
{"timestamp":"2021-09-30T15:06:26,283","container":"340fee0e4b24","level":"INFO","thread":"pool-9-thread-1","class":"IbftBesuControllerBuilder","message":"Imported #191 / 0 tx / 0 pending / 0 (0.0%) gas / (0x8ce14ab47c7adc1d6efce72e118f2f29e851dc8e3502e18be6d416cbda73f6d2)","throwable":""}
{"timestamp":"2021-09-30T15:06:28,410","container":"340fee0e4b24","level":"INFO","thread":"pool-9-thread-1","class":"IbftBesuControllerBuilder","message":"Imported #192 / 0 tx / 0 pending / 0 (0.0%) gas / (0x043a509e17c1b739bbd4050203828584d88cddaf89e621865338081a7f8c94f7)","throwable":""}
{"timestamp":"2021-09-30T15:06:30,310","container":"340fee0e4b24","level":"INFO","thread":"pool-9-thread-1","class":"IbftBesuControllerBuilder","message":"Imported #193 / 0 tx / 0 pending / 0 (0.0%) gas / (0x00a83c077179d1f0d927ec4b4435f7641ed62b1b693be143ebb6d465f0355b4c)","throwable":""}
{"timestamp":"2021-09-30T15:06:32,285","container":"340fee0e4b24","level":"INFO","thread":"pool-9-thread-1","class":"IbftBesuControllerBuilder","message":"Produced #194 / 0 tx / 0 pending / 0 (0.0%) gas / (0xe3773d77436cc87e09984f1800c95aef4e68abeb72d97c6ad5af63fc7f75d991)","throwable":""}
{"timestamp":"2021-09-30T15:06:34,254","container":"340fee0e4b24","level":"INFO","thread":"pool-9-thread-1","class":"IbftBesuControllerBuilder","message":"Imported #195 / 0 tx / 0 pending / 0 (0.0%) gas / (0x159d46aeea9ac99a88e4f0d153f9c3c6725261e06e1b173245cacf6ac5c1a38f)","throwable":""}
{"timestamp":"2021-09-30T15:06:36,343","container":"340fee0e4b24","level":"INFO","thread":"pool-9-thread-1","class":"IbftBesuControllerBuilder","message":"Imported #196 / 0 tx / 0 pending / 0 (0.0%) gas / (0xa5436ba5c26b709db1fe8bdb7e297e090424434d0841e32d363402f53b42e382)","throwable":""}
{"timestamp":"2021-09-30T15:06:38,346","container":"340fee0e4b24","level":"INFO","thread":"pool-9-thread-1","class":"IbftBesuControllerBuilder","message":"Imported #197 / 0 tx / 0 pending / 0 (0.0%) gas / (0xf76508884dae384a6fed6983761e3cba87883d4475c74323de990acf7eadb5a6)","throwable":""}
{"timestamp":"2021-09-30T15:06:40,253","container":"340fee0e4b24","level":"INFO","thread":"pool-9-thread-1","class":"IbftBesuControllerBuilder","message":"Produced #198 / 0 tx / 0 pending / 0 (0.0%) gas / (0x31a51b801aa001f83e1dea33ac2e693ca8251701a95c5ab4f7bb0088ef2ed804)","throwable":""}
{"timestamp":"2021-09-30T15:06:42,310","container":"340fee0e4b24","level":"INFO","thread":"pool-9-thread-1","class":"IbftBesuControllerBuilder","message":"Imported #199 / 0 tx / 0 pending / 0 (0.0%) gas / (0xbaa6974585702730e4bee9fa944c7a1f16c759f76199b47a83a29da6d42d5bc3)","throwable":""}
{"timestamp":"2021-09-30T15:06:44,890","container":"340fee0e4b24","level":"INFO","thread":"EthScheduler-Workers-1","class":"PersistBlockTask","message":"Imported #200 / 0 tx / 0 om / 0 (0.0%) gas / (0x0becf8a0a1dcfc7358a942030d9c822bbe1bdc16a0878e35e1a24a2191779936) in 0.151s. Peers: 5","throwable":""}
{"timestamp":"2021-09-30T15:06:46,346","container":"340fee0e4b24","level":"INFO","thread":"EthScheduler-Workers-3","class":"PersistBlockTask","message":"Imported #201 / 0 tx / 0 om / 0 (0.0%) gas / (0x725a4a4c5f631bba8a2df9d2d41391d0c1b6b32ceb4ae06e9e581fdda22b51d4) in 0.027s. Peers: 5","throwable":""}
{"timestamp":"2021-09-30T15:06:48,552","container":"340fee0e4b24","level":"INFO","thread":"EthScheduler-Workers-0","class":"PersistBlockTask","message":"Imported #202 / 0 tx / 0 om / 0 (0.0%) gas / (0x07e7182cd872e5bb7036e009b6c18d00bc3189e6f3376e953e990010c369eab2) in 0.011s. Peers: 5","throwable":""}
{"timestamp":"2021-09-30T15:06:48,562","container":"340fee0e4b24","level":"INFO","thread":"pool-9-thread-1","class":"IbftBesuControllerBuilder","message":"Produced #202 / 0 tx / 0 pending / 0 (0.0%) gas / (0x07e7182cd872e5bb7036e009b6c18d00bc3189e6f3376e953e990010c369eab2)","throwable":""}
{"timestamp":"2021-09-30T15:06:50,213","container":"340fee0e4b24","level":"INFO","thread":"pool-9-thread-1","class":"IbftBesuControllerBuilder","message":"Imported #203 / 0 tx / 0 pending / 0 (0.0%) gas / (0xf2300c73ddc7bfe64c721d897c1b9d738c81367be1c6ad22eb0e1bb7e9478797)","throwable":""}
{"timestamp":"2021-09-30T15:06:52,423","container":"340fee0e4b24","level":"INFO","thread":"EthScheduler-Workers-2","class":"PersistBlockTask","message":"Imported #204 / 0 tx / 0 om / 0 (0.0%) gas / (0xdf977716f658e9364d027633da420eaf20e76ca8eed7ba3dc755ed66088919bd) in 0.041s. Peers: 5","throwable":""}
{"timestamp":"2021-09-30T15:06:54,440","container":"340fee0e4b24","level":"INFO","thread":"pool-9-thread-1","class":"IbftBesuControllerBuilder","message":"Imported #205 / 0 tx / 0 pending / 0 (0.0%) gas / (0xaab8069f34c8bbf23b63bfdc2d9391c676ab6f4d3ed485ba0207ff33bf7d3b2f)","throwable":""}
{"timestamp":"2021-09-30T15:06:56,255","container":"340fee0e4b24","level":"INFO","thread":"pool-9-thread-1","class":"IbftBesuControllerBuilder","message":"Produced #206 / 0 tx / 0 pending / 0 (0.0%) gas / (0xd6da992cc5e8f28eaf375838912ea99b2fe04a3776c354f4a35f7921d778504d)","throwable":""}
{"timestamp":"2021-09-30T15:06:58,262","container":"340fee0e4b24","level":"INFO","thread":"pool-9-thread-1","class":"IbftBesuControllerBuilder","message":"Imported #207 / 0 tx / 0 pending / 0 (0.0%) gas / (0x5743486225d7179412342b8c0ecd3af94793f5422e2b344b77f496fc7861d0ab)","throwable":""}
{"timestamp":"2021-09-30T15:07:00,309","container":"340fee0e4b24","level":"INFO","thread":"pool-9-thread-1","class":"IbftBesuControllerBuilder","message":"Imported #208 / 0 tx / 0 pending / 0 (0.0%) gas / (0xd1afa8ca93a7aad0521758f11a327c4867f56a3f892bc777ddfbaa91620dcece)","throwable":""}
{"timestamp":"2021-09-30T15:07:02,303","container":"340fee0e4b24","level":"INFO","thread":"pool-9-thread-1","class":"IbftBesuControllerBuilder","message":"Imported #209 / 0 tx / 0 pending / 0 (0.0%) gas / (0x970cd23c2cfc86789af2ccec59630c65527a773979a0a779e76b0dea474575a7)","throwable":""}
{"timestamp":"2021-09-30T15:07:04,368","container":"340fee0e4b24","level":"INFO","thread":"pool-9-thread-1","class":"IbftBesuControllerBuilder","message":"Produced #210 / 0 tx / 0 pending / 0 (0.0%) gas / (0x91157d6e4b8a61ca99e9cf67efe812f5e4976985ff2e984f4b84ee2427d9dd92)","throwable":""}
{"timestamp":"2021-09-30T15:07:06,258","container":"340fee0e4b24","level":"INFO","thread":"pool-9-thread-1","class":"IbftBesuControllerBuilder","message":"Imported #211 / 0 tx / 0 pending / 0 (0.0%) gas / (0xc8fe690d5f2f987118e8b4cf0b7e4b693af2d9ca47a6e72a63a0ab8542b1f40f)","throwable":""}
{"timestamp":"2021-09-30T15:07:08,207","container":"340fee0e4b24","level":"INFO","thread":"pool-9-thread-1","class":"IbftBesuControllerBuilder","message":"Imported #212 / 0 tx / 0 pending / 0 (0.0%) gas / (0x88cc0e30366320148c35e20a8bafb7c41390f1629177de594113f341dae3beda)","throwable":""}
{"timestamp":"2021-09-30T15:07:10,299","container":"340fee0e4b24","level":"INFO","thread":"EthScheduler-Workers-1","class":"PersistBlockTask","message":"Imported #213 / 0 tx / 0 om / 0 (0.0%) gas / (0xe72232f291b9340fa32c5365e57534036ecc0160710e13afe1949fca4e8cb20e) in 0.039s. Peers: 5","throwable":""}
{"timestamp":"2021-09-30T15:07:12,371","container":"340fee0e4b24","level":"INFO","thread":"pool-9-thread-1","class":"IbftBesuControllerBuilder","message":"Produced #214 / 0 tx / 0 pending / 0 (0.0%) gas / (0x79efe4fc25a1ce60b05f0ec108e179ff0b2208de7ae69eafaf8ac1b4d01cf43a)","throwable":""}
{"timestamp":"2021-09-30T15:07:12,373","container":"340fee0e4b24","level":"INFO","thread":"EthScheduler-Workers-3","class":"PersistBlockTask","message":"Imported #214 / 0 tx / 0 om / 0 (0.0%) gas / (0x79efe4fc25a1ce60b05f0ec108e179ff0b2208de7ae69eafaf8ac1b4d01cf43a) in 0.003s. Peers: 5","throwable":""}
{"timestamp":"2021-09-30T15:07:14,543","container":"340fee0e4b24","level":"INFO","thread":"pool-9-thread-1","class":"IbftBesuControllerBuilder","message":"Imported #215 / 0 tx / 0 pending / 0 (0.0%) gas / (0xb6959d8d973935279f7c832e3a9274bdf7d54fa8aa64695f8f1042f2c1d1a37a)","throwable":""}
{"timestamp":"2021-09-30T15:07:14,546","container":"340fee0e4b24","level":"INFO","thread":"EthScheduler-Workers-0","class":"PersistBlockTask","message":"Imported #215 / 0 tx / 0 om / 0 (0.0%) gas / (0xb6959d8d973935279f7c832e3a9274bdf7d54fa8aa64695f8f1042f2c1d1a37a) in 0.027s. Peers: 5","throwable":""}
{"timestamp":"2021-09-30T15:07:16,322","container":"340fee0e4b24","level":"INFO","thread":"EthScheduler-Workers-2","class":"PersistBlockTask","message":"Imported #216 / 0 tx / 0 om / 0 (0.0%) gas / (0x6f36bff91643e1374db28b84bd93fb938e3f695c7a780c3e065064d73423db96) in 0.013s. Peers: 5","throwable":""}
{"timestamp":"2021-09-30T15:07:16,328","container":"340fee0e4b24","level":"INFO","thread":"pool-9-thread-1","class":"IbftBesuControllerBuilder","message":"Imported #216 / 0 tx / 0 pending / 0 (0.0%) gas / (0x6f36bff91643e1374db28b84bd93fb938e3f695c7a780c3e065064d73423db96)","throwable":""}
{"timestamp":"2021-09-30T15:07:18,303","container":"340fee0e4b24","level":"INFO","thread":"pool-9-thread-1","class":"IbftBesuControllerBuilder","message":"Imported #217 / 0 tx / 0 pending / 0 (0.0%) gas / (0xc0f42094bb87b10d999eca6d05a85b042936b29236a314d66f5a0a7cc2b4e267)","throwable":""}
{"timestamp":"2021-09-30T15:07:20,323","container":"340fee0e4b24","level":"INFO","thread":"pool-9-thread-1","class":"IbftBesuControllerBuilder","message":"Produced #218 / 0 tx / 0 pending / 0 (0.0%) gas / (0x38b0804c70fa92ddda81b6b6397e33c7c3c2856d35ed9d0d1266f89ea96c7119)","throwable":""}
{"timestamp":"2021-09-30T15:07:22,300","container":"340fee0e4b24","level":"INFO","thread":"pool-9-thread-1","class":"IbftBesuControllerBuilder","message":"Imported #219 / 0 tx / 0 pending / 0 (0.0%) gas / (0xaa626e727a598dbbba0fbf9d426cbe0ef26d8cae6714f3ad4d596477447f9f0d)","throwable":""}
{"timestamp":"2021-09-30T15:07:24,264","container":"340fee0e4b24","level":"INFO","thread":"pool-9-thread-1","class":"IbftBesuControllerBuilder","message":"Imported #220 / 0 tx / 0 pending / 0 (0.0%) gas / (0x12d635e3e5729c379f8710b095d290b97c0373643f93b801ae58f89834b1de7e)","throwable":""}
{"timestamp":"2021-09-30T15:07:26,312","container":"340fee0e4b24","level":"INFO","thread":"pool-9-thread-1","class":"IbftBesuControllerBuilder","message":"Imported #221 / 0 tx / 0 pending / 0 (0.0%) gas / (0xca97d1b812f93fdb271922a24c01fee68735d269a147d69b6cd5d7672203bd59)","throwable":""}
{"timestamp":"2021-09-30T15:07:28,269","container":"340fee0e4b24","level":"INFO","thread":"pool-9-thread-1","class":"IbftBesuControllerBuilder","message":"Produced #222 / 0 tx / 0 pending / 0 (0.0%) gas / (0x04d9889f1dd189dbcd85a8f4dc10574e125d7e9c17c5cdc1852a06bed278b9e3)","throwable":""}
{"timestamp":"2021-09-30T15:07:30,341","container":"340fee0e4b24","level":"INFO","thread":"EthScheduler-Workers-1","class":"PersistBlockTask","message":"Imported #223 / 0 tx / 0 om / 0 (0.0%) gas / (0x88800576cbc7656bf979fd913a4719fad265aff481b650676facebed89fae601) in 0.034s. Peers: 5","throwable":""}
{"timestamp":"2021-09-30T15:07:32,282","container":"340fee0e4b24","level":"INFO","thread":"pool-9-thread-1","class":"IbftBesuControllerBuilder","message":"Imported #224 / 0 tx / 0 pending / 0 (0.0%) gas / (0x7b84dedc7e4b041a8cbafc517da105280dc63c45263996dc8731dcd962d1b805)","throwable":""}
{"timestamp":"2021-09-30T15:07:34,217","container":"340fee0e4b24","level":"INFO","thread":"pool-9-thread-1","class":"IbftBesuControllerBuilder","message":"Imported #225 / 0 tx / 0 pending / 0 (0.0%) gas / (0x239611e5f3ed547a08f2c5f0f192c285f6a66b63a89ee8ca279bc1e77947f92b)","throwable":""}
{"timestamp":"2021-09-30T15:07:36,303","container":"340fee0e4b24","level":"INFO","thread":"pool-9-thread-1","class":"IbftBesuControllerBuilder","message":"Produced #226 / 0 tx / 0 pending / 0 (0.0%) gas / (0x2cfac8d2bff4f65efeddda335548778f7857fd620aa686d32fa03dad362f15f5)","throwable":""}
{"timestamp":"2021-09-30T15:07:38,256","container":"340fee0e4b24","level":"INFO","thread":"EthScheduler-Workers-3","class":"PersistBlockTask","message":"Imported #227 / 0 tx / 0 om / 0 (0.0%) gas / (0x8a4748ad5256748e332384e93f74809e64bd8e35834fd3444f12c862a9e3b743) in 0.031s. Peers: 5","throwable":""}
{"timestamp":"2021-09-30T15:07:38,256","container":"340fee0e4b24","level":"INFO","thread":"pool-9-thread-1","class":"IbftBesuControllerBuilder","message":"Imported #227 / 0 tx / 0 pending / 0 (0.0%) gas / (0x8a4748ad5256748e332384e93f74809e64bd8e35834fd3444f12c862a9e3b743)","throwable":""}
{"timestamp":"2021-09-30T15:07:40,219","container":"340fee0e4b24","level":"INFO","thread":"pool-9-thread-1","class":"IbftBesuControllerBuilder","message":"Imported #228 / 0 tx / 0 pending / 0 (0.0%) gas / (0x4a2121907ce7d869be71b0f850222d0cb7e14c6a17c66022df8387647112a44a)","throwable":""}
{"timestamp":"2021-09-30T15:07:42,216","container":"340fee0e4b24","level":"INFO","thread":"pool-9-thread-1","class":"IbftBesuControllerBuilder","message":"Imported #229 / 0 tx / 0 pending / 0 (0.0%) gas / (0xa6de653539ca936e6ac917da019d80b53764533b903a28d2ba6216de4f60ffde)","throwable":""}
{"timestamp":"2021-09-30T15:07:44,272","container":"340fee0e4b24","level":"INFO","thread":"pool-9-thread-1","class":"IbftBesuControllerBuilder","message":"Produced #230 / 0 tx / 0 pending / 0 (0.0%) gas / (0xf3ac937d3e2354cd4d89fea729cabc70e7da92a60d2111fe31928b8e8dc61c24)","throwable":""}
{"timestamp":"2021-09-30T15:07:46,331","container":"340fee0e4b24","level":"INFO","thread":"pool-9-thread-1","class":"IbftBesuControllerBuilder","message":"Imported #231 / 0 tx / 0 pending / 0 (0.0%) gas / (0x905e02a0b197ef83073f394848c02cf3872eb74a75ef89e41ac19ac9438d09a1)","throwable":""}
